#
# A fatal error has been detected by the Java Runtime Environment:
#
#  SIGSEGV (0xb) at pc=0x00007f2d4c2a1ed0, pid=11020, tid=0x00007f2d8161e700
#
# JRE version: Java(TM) SE Runtime Environment (8.0_151-b12) (build 1.8.0_151-b12)
# Java VM: Java HotSpot(TM) 64-Bit Server VM (25.151-b12 mixed mode linux-amd64 compressed oops)
# Problematic frame:
# C  0x00007f2d4c2a1ed0
#
# Failed to write core dump. Core dumps have been disabled. To enable core dumping, try "ulimit -c unlimited" before starting Java again
#
# If you would like to submit a bug report, please visit:
#   http://bugreport.java.com/bugreport/crash.jsp
# The crash happened outside the Java Virtual Machine in native code.
# See problematic frame for where to report the bug.
#

---------------  T H R E A D  ---------------

Current thread (0x00007f2d78012800):  JavaThread "main" [_thread_in_native, id=11025, stack(0x00007f2d8151e000,0x00007f2d8161f000)]

siginfo: si_signo: 11 (SIGSEGV), si_code: 2 (SEGV_ACCERR), si_addr: 0x00007f2d4c2a1ed0

Registers:
RAX=0x00007f2d4c2a1ed0, RBX=0x00007f2d4c4f3c80, RCX=0x00007f2d7800ec50, RDX=0x00007f2d809e7f50
RSP=0x00007f2d8161cda8, RBP=0x00007f2d8161cdf8, RSI=0x00007f2d8161ce08, RDI=0x00007f2d780129f8
R8 =0x0000000000000000, R9 =0x0000000000000009, R10=0x00007f2d6901fc78, R11=0x00007f2d803ea3a0
R12=0x0000000000000000, R13=0x00007f2d4c4f3c80, R14=0x00007f2d8161ce10, R15=0x00007f2d78012800
RIP=0x00007f2d4c2a1ed0, EFLAGS=0x0000000000010287, CSGSFS=0x002b000000000033, ERR=0x0000000000000015
  TRAPNO=0x000000000000000e

Top of Stack: (sp=0x00007f2d8161cda8)
0x00007f2d8161cda8:   00007f2d6901fca4 00007f2d6901f722
0x00007f2d8161cdb8:   00007f2d8161cdb8 00007f2d4c4f3c80
0x00007f2d8161cdc8:   00007f2d8161ce10 00007f2d4c4f4b08
0x00007f2d8161cdd8:   0000000000000000 00007f2d4c4f3c80
0x00007f2d8161cde8:   0000000000000000 00007f2d8161ce18
0x00007f2d8161cdf8:   00007f2d8161ce58 00007f2d69007d80
0x00007f2d8161ce08:   00000000878331c0 00007f2d69016476
0x00007f2d8161ce18:   00007f2d8161ce18 00007f2d4c4f30e8
0x00007f2d8161ce28:   00007f2d8161ce68 00007f2d4c4f4b08
0x00007f2d8161ce38:   0000000000000000 00007f2d4c4f3120
0x00007f2d8161ce48:   00007f2d8161ce18 00007f2d8161ce70
0x00007f2d8161ce58:   00007f2d8161ceb8 00007f2d690080c0
0x00007f2d8161ce68:   0000000000000000 00000000d7828290
0x00007f2d8161ce78:   00007f2d8161ce78 00007f2d18eb1821
0x00007f2d8161ce88:   00007f2d8161cec8 00007f2d18ebf478
0x00007f2d8161ce98:   0000000000000000 00007f2d18eb1850
0x00007f2d8161cea8:   00007f2d8161ce70 00007f2d8161cec8
0x00007f2d8161ceb8:   00007f2d8161cf30 00007f2d690007a7
0x00007f2d8161cec8:   00000000d7828290 0000000000001fa0
0x00007f2d8161ced8:   00007f2d78010340 00007f2d78012800
0x00007f2d8161cee8:   00007f2d8161cfb0 00007f2d8161d2c0
0x00007f2d8161cef8:   00007f2d8161cf70 00007f2d8161cf70
0x00007f2d8161cf08:   00007f2d8161d2c8 00007f2d0000000a
0x00007f2d8161cf18:   00007f2d18eb1850 00007f2d69018a40
0x00007f2d8161cf28:   00007f2d8161d1b8 00007f2d8161d0a0
0x00007f2d8161cf38:   00007f2d800b5e76 00007f2d00000001
0x00007f2d8161cf48:   00007f2d78012800 00007f2d8161d1b0
0x00007f2d8161cf58:   00007f2d8161d2c0 00007f2d69018a40
0x00007f2d8161cf68:   00007f2d0000000a 00007f2d78012800
0x00007f2d8161cf78:   00007f2d78149370 00007f2d18eb1850
0x00007f2d8161cf88:   00000000d7828290 00007f2d8161d4a0
0x00007f2d8161cf98:   00007f2d6901fc78 00007f2d8161d4f0 

Instructions: (pc=0x00007f2d4c2a1ed0)
0x00007f2d4c2a1eb0:   c0 ce 63 4c 2d 7f 00 00 e7 71 01 69 2d 7f 00 00
0x00007f2d4c2a1ec0:   d0 55 00 69 2d 7f 00 00 e8 6d 67 4c 00 00 00 00
0x00007f2d4c2a1ed0:   e8 b3 66 4c 2d 7f 00 00 c8 6d 67 4c 2d 7f 00 00
0x00007f2d4c2a1ee0:   00 21 2a 4c 2d 7f 00 00 c0 ce 63 4c 2d 7f 00 00 

Register to memory mapping:

RAX=0x00007f2d4c2a1ed0 is pointing into the stack for thread: 0x00007f2d78d65000
RBX={method} {0x00007f2d4c4f3c80} 'newSocketDomainFd' '()I' in 'io/netty/channel/unix/Socket'
RCX=0x00007f2d7800ec50 is an unknown value
RDX=0x00007f2d809e7f50: <offset 0xfc5f50> in /usr/local/jdk1.8.0_151/jre/lib/amd64/server/libjvm.so at 0x00007f2d7fa22000
RSP=0x00007f2d8161cda8 is pointing into the stack for thread: 0x00007f2d78012800
RBP=0x00007f2d8161cdf8 is pointing into the stack for thread: 0x00007f2d78012800
RSI=0x00007f2d8161ce08 is pointing into the stack for thread: 0x00007f2d78012800
RDI=0x00007f2d780129f8 is an unknown value
R8 =0x0000000000000000 is an unknown value
R9 =0x0000000000000009 is an unknown value
R10=0x00007f2d6901fc78 is at code_begin+1528 in an Interpreter codelet
method entry point (kind = native)  [0x00007f2d6901f680, 0x00007f2d690205c0]  3904 bytes
R11=0x00007f2d803ea3a0: <offset 0x9c83a0> in /usr/local/jdk1.8.0_151/jre/lib/amd64/server/libjvm.so at 0x00007f2d7fa22000
R12=0x0000000000000000 is an unknown value
R13={method} {0x00007f2d4c4f3c80} 'newSocketDomainFd' '()I' in 'io/netty/channel/unix/Socket'
R14=0x00007f2d8161ce10 is pointing into the stack for thread: 0x00007f2d78012800
R15=0x00007f2d78012800 is a thread


Stack: [0x00007f2d8151e000,0x00007f2d8161f000],  sp=0x00007f2d8161cda8,  free space=1019k
Native frames: (J=compiled Java code, j=interpreted, Vv=VM code, C=native code)
C  0x00007f2d4c2a1ed0
j  io.netty.channel.unix.Socket.newSocketDomain()Lio/netty/channel/unix/Socket;+0
j  io.netty.channel.epoll.EpollServerDomainSocketChannel.<init>()V+1
v  ~StubRoutines::call_stub
V  [libjvm.so+0x693e76]  JavaCalls::call_helper(JavaValue*, methodHandle*, JavaCallArguments*, Thread*)+0x1056
V  [libjvm.so+0x9a0837]  Reflection::invoke(instanceKlassHandle, methodHandle, Handle, bool, objArrayHandle, BasicType, objArrayHandle, bool, Thread*)+0x5d7
V  [libjvm.so+0x9a14b3]  Reflection::invoke_constructor(oopDesc*, objArrayHandle, Thread*)+0x313
V  [libjvm.so+0x71e45a]  JVM_NewInstanceFromConstructor+0x10a
j  sun.reflect.NativeConstructorAccessorImpl.newInstance0(Ljava/lang/reflect/Constructor;[Ljava/lang/Object;)Ljava/lang/Object;+0
j  sun.reflect.NativeConstructorAccessorImpl.newInstance([Ljava/lang/Object;)Ljava/lang/Object;+85
j  sun.reflect.DelegatingConstructorAccessorImpl.newInstance([Ljava/lang/Object;)Ljava/lang/Object;+5
j  java.lang.reflect.Constructor.newInstance([Ljava/lang/Object;)Ljava/lang/Object;+79
j  io.netty.channel.ReflectiveChannelFactory.newChannel()Lio/netty/channel/Channel;+15
j  io.netty.bootstrap.AbstractBootstrap.initAndRegister()Lio/netty/channel/ChannelFuture;+6
j  io.netty.bootstrap.AbstractBootstrap.doBind(Ljava/net/SocketAddress;)Lio/netty/channel/ChannelFuture;+1
j  io.netty.bootstrap.AbstractBootstrap.bind(Ljava/net/SocketAddress;)Lio/netty/channel/ChannelFuture;+21
j  io.netty.bootstrap.AbstractBootstrap.bind(Ljava/net/InetAddress;I)Lio/netty/channel/ChannelFuture;+10
j  alluxio.client.file.cache.remote.netty.CacheServer.launch()V+37
j  alluxio.client.file.cache.test.CacheClientServerTest.startServer()V+17
j  alluxio.client.file.cache.test.CacheClientServerTest.main([Ljava/lang/String;)V+24
v  ~StubRoutines::call_stub
V  [libjvm.so+0x693e76]  JavaCalls::call_helper(JavaValue*, methodHandle*, JavaCallArguments*, Thread*)+0x1056
V  [libjvm.so+0x6d5292]  jni_invoke_static(JNIEnv_*, JavaValue*, _jobject*, JNICallType, _jmethodID*, JNI_ArgumentPusher*, Thread*)+0x362
V  [libjvm.so+0x6f1afa]  jni_CallStaticVoidMethod+0x17a
C  [libjli.so+0x80ff]  JavaMain+0x81f
C  [libpthread.so.0+0x76da]  start_thread+0xca

Java frames: (J=compiled Java code, j=interpreted, Vv=VM code)
j  io.netty.channel.unix.Socket.newSocketDomainFd()I+0
j  io.netty.channel.unix.Socket.newSocketDomain()Lio/netty/channel/unix/Socket;+0
j  io.netty.channel.epoll.EpollServerDomainSocketChannel.<init>()V+1
v  ~StubRoutines::call_stub
j  sun.reflect.NativeConstructorAccessorImpl.newInstance0(Ljava/lang/reflect/Constructor;[Ljava/lang/Object;)Ljava/lang/Object;+0
j  sun.reflect.NativeConstructorAccessorImpl.newInstance([Ljava/lang/Object;)Ljava/lang/Object;+85
j  sun.reflect.DelegatingConstructorAccessorImpl.newInstance([Ljava/lang/Object;)Ljava/lang/Object;+5
j  java.lang.reflect.Constructor.newInstance([Ljava/lang/Object;)Ljava/lang/Object;+79
j  io.netty.channel.ReflectiveChannelFactory.newChannel()Lio/netty/channel/Channel;+15
j  io.netty.bootstrap.AbstractBootstrap.initAndRegister()Lio/netty/channel/ChannelFuture;+6
j  io.netty.bootstrap.AbstractBootstrap.doBind(Ljava/net/SocketAddress;)Lio/netty/channel/ChannelFuture;+1
j  io.netty.bootstrap.AbstractBootstrap.bind(Ljava/net/SocketAddress;)Lio/netty/channel/ChannelFuture;+21
j  io.netty.bootstrap.AbstractBootstrap.bind(Ljava/net/InetAddress;I)Lio/netty/channel/ChannelFuture;+10
j  alluxio.client.file.cache.remote.netty.CacheServer.launch()V+37
j  alluxio.client.file.cache.test.CacheClientServerTest.startServer()V+17
j  alluxio.client.file.cache.test.CacheClientServerTest.main([Ljava/lang/String;)V+24
v  ~StubRoutines::call_stub

---------------  P R O C E S S  ---------------

Java Threads: ( => current thread )
  0x00007f2d78d65000 JavaThread "netty-client-worker-0" daemon [_thread_in_native, id=11076, stack(0x00007f2d4c1a5000,0x00007f2d4c2a6000)]
  0x00007f2cd0001800 JavaThread "NettyChannelPoolGcThreads-1" daemon [_thread_blocked, id=11075, stack(0x00007f2d4c2a6000,0x00007f2d4c3a7000)]
  0x00007f2d78d3b800 JavaThread "NettyChannelPoolGcThreads-0" daemon [_thread_blocked, id=11073, stack(0x00007f2d4c3a7000,0x00007f2d4c4a8000)]
  0x00007f2d78920000 JavaThread "pool-2-thread-1" [_thread_blocked, id=11058, stack(0x00007f2d4e121000,0x00007f2d4e222000)]
  0x00007f2d78917800 JavaThread "Master Metrics Sync" daemon [_thread_blocked, id=11057, stack(0x00007f2d4e222000,0x00007f2d4e323000)]
  0x00007f2d78735800 JavaThread "Service Thread" daemon [_thread_blocked, id=11051, stack(0x00007f2d4f1a0000,0x00007f2d4f2a1000)]
  0x00007f2d7872a000 JavaThread "C1 CompilerThread2" daemon [_thread_blocked, id=11050, stack(0x00007f2d4f2a1000,0x00007f2d4f3a2000)]
  0x00007f2d78724800 JavaThread "C2 CompilerThread1" daemon [_thread_in_native, id=11049, stack(0x00007f2d4f3a2000,0x00007f2d4f4a3000)]
  0x00007f2d78722000 JavaThread "C2 CompilerThread0" daemon [_thread_blocked, id=11048, stack(0x00007f2d4f4a3000,0x00007f2d4f5a4000)]
  0x00007f2d40001000 JavaThread "JDWP Command Reader" daemon [_thread_in_native, id=11047, stack(0x00007f2d4f8f7000,0x00007f2d4f9f8000)]
  0x00007f2d78198800 JavaThread "JDWP Event Helper Thread" daemon [_thread_blocked, id=11043, stack(0x00007f2d4f9f8000,0x00007f2d4faf9000)]
  0x00007f2d78195000 JavaThread "JDWP Transport Listener: dt_socket" daemon [_thread_blocked, id=11041, stack(0x00007f2d4faf9000,0x00007f2d4fbfa000)]
  0x00007f2d78186000 JavaThread "Signal Dispatcher" daemon [_thread_blocked, id=11036, stack(0x00007f2d4fdfe000,0x00007f2d4feff000)]
  0x00007f2d78154000 JavaThread "Finalizer" daemon [_thread_blocked, id=11034, stack(0x00007f2d4feff000,0x00007f2d50000000)]
  0x00007f2d7814f800 JavaThread "Reference Handler" daemon [_thread_blocked, id=11032, stack(0x00007f2d6002e000,0x00007f2d6012f000)]
=>0x00007f2d78012800 JavaThread "main" [_thread_in_native, id=11025, stack(0x00007f2d8151e000,0x00007f2d8161f000)]

Other Threads:
  0x00007f2d78148000 VMThread [stack: 0x00007f2d6012f000,0x00007f2d60230000] [id=11031]
  0x00007f2d78739800 WatcherThread [stack: 0x00007f2d4f09f000,0x00007f2d4f1a0000] [id=11052]

VM state:not at safepoint (normal execution)

VM Mutex/Monitor currently owned by a thread: None

Heap:
 PSYoungGen      total 68608K, used 11629K [0x00000000d6d00000, 0x00000000db500000, 0x0000000100000000)
  eden space 63488K, 18% used [0x00000000d6d00000,0x00000000d785b730,0x00000000dab00000)
  from space 5120K, 0% used [0x00000000db000000,0x00000000db000000,0x00000000db500000)
  to   space 5120K, 0% used [0x00000000dab00000,0x00000000dab00000,0x00000000db000000)
 ParOldGen       total 137216K, used 52227K [0x0000000084600000, 0x000000008cc00000, 0x00000000d6d00000)
  object space 137216K, 38% used [0x0000000084600000,0x0000000087900fa0,0x000000008cc00000)
 Metaspace       used 16915K, capacity 17192K, committed 17536K, reserved 1064960K
  class space    used 2030K, capacity 2104K, committed 2176K, reserved 1048576K

Card table byte_map: [0x00007f2d7d403000,0x00007f2d7d7e1000] byte_map_base: 0x00007f2d7cfe0000

Marking Bits: (ParMarkBitMap*) 0x00007f2d809ebf80
 Begin Bits: [0x00007f2d60230000, 0x00007f2d62118000)
 End Bits:   [0x00007f2d62118000, 0x00007f2d64000000)

Polling page: 0x00007f2d81639000

CodeCache: size=245760Kb used=4528Kb max_used=4540Kb free=241231Kb
 bounds [0x00007f2d69000000, 0x00007f2d69480000, 0x00007f2d78000000]
 total_blobs=1696 nmethods=1301 adapters=317
 compilation: enabled

Compilation events (10 events):
Event: 3.920 Thread 0x00007f2d78722000 nmethod 1263 0x00007f2d69453f90 code [0x00007f2d694540e0, 0x00007f2d69454138]
Event: 3.920 Thread 0x00007f2d78722000 1264       4       java.util.concurrent.atomic.AtomicIntegerFieldUpdater$AtomicIntegerFieldUpdaterImpl::set (18 bytes)
Event: 3.922 Thread 0x00007f2d78722000 nmethod 1264 0x00007f2d6946a110 code [0x00007f2d6946a260, 0x00007f2d6946a3f8]
Event: 3.922 Thread 0x00007f2d78722000 1265       4       io.netty.buffer.AbstractByteBuf::setIndex0 (11 bytes)
Event: 3.922 Thread 0x00007f2d78722000 nmethod 1265 0x00007f2d6946fc50 code [0x00007f2d6946fda0, 0x00007f2d6946fdf8]
Event: 3.922 Thread 0x00007f2d78722000 1266       4       io.netty.buffer.AbstractByteBuf::discardMarks (11 bytes)
Event: 3.923 Thread 0x00007f2d78722000 nmethod 1266 0x00007f2d69469f10 code [0x00007f2d6946a060, 0x00007f2d6946a0b8]
Event: 3.923 Thread 0x00007f2d78722000 1267       4       io.netty.buffer.PooledByteBuf::reuse (21 bytes)
Event: 3.923 Thread 0x00007f2d78722000 nmethod 1267 0x00007f2d69469c90 code [0x00007f2d69469de0, 0x00007f2d69469e58]
Event: 3.923 Thread 0x00007f2d78722000 1260       4       io.netty.buffer.PoolThreadCache::allocateSmall (14 bytes)

GC Heap History (10 events):
Event: 1.334 GC heap before
{Heap before GC invocations=1 (full 0):
 PSYoungGen      total 36864K, used 31744K [0x00000000d6d00000, 0x00000000d9600000, 0x0000000100000000)
  eden space 31744K, 100% used [0x00000000d6d00000,0x00000000d8c00000,0x00000000d8c00000)
  from space 5120K, 0% used [0x00000000d9100000,0x00000000d9100000,0x00000000d9600000)
  to   space 5120K, 0% used [0x00000000d8c00000,0x00000000d8c00000,0x00000000d9100000)
 ParOldGen       total 84992K, used 0K [0x0000000084600000, 0x0000000089900000, 0x00000000d6d00000)
  object space 84992K, 0% used [0x0000000084600000,0x0000000084600000,0x0000000089900000)
 Metaspace       used 8080K, capacity 8338K, committed 8448K, reserved 1056768K
  class space    used 928K, capacity 1002K, committed 1024K, reserved 1048576K
Event: 1.346 GC heap after
Heap after GC invocations=1 (full 0):
 PSYoungGen      total 36864K, used 3277K [0x00000000d6d00000, 0x00000000d9600000, 0x0000000100000000)
  eden space 31744K, 0% used [0x00000000d6d00000,0x00000000d6d00000,0x00000000d8c00000)
  from space 5120K, 64% used [0x00000000d8c00000,0x00000000d8f33650,0x00000000d9100000)
  to   space 5120K, 0% used [0x00000000d9100000,0x00000000d9100000,0x00000000d9600000)
 ParOldGen       total 84992K, used 8K [0x0000000084600000, 0x0000000089900000, 0x00000000d6d00000)
  object space 84992K, 0% used [0x0000000084600000,0x0000000084602000,0x0000000089900000)
 Metaspace       used 8080K, capacity 8338K, committed 8448K, reserved 1056768K
  class space    used 928K, capacity 1002K, committed 1024K, reserved 1048576K
}
Event: 2.029 GC heap before
{Heap before GC invocations=2 (full 0):
 PSYoungGen      total 36864K, used 35021K [0x00000000d6d00000, 0x00000000d9600000, 0x0000000100000000)
  eden space 31744K, 100% used [0x00000000d6d00000,0x00000000d8c00000,0x00000000d8c00000)
  from space 5120K, 64% used [0x00000000d8c00000,0x00000000d8f33650,0x00000000d9100000)
  to   space 5120K, 0% used [0x00000000d9100000,0x00000000d9100000,0x00000000d9600000)
 ParOldGen       total 84992K, used 8K [0x0000000084600000, 0x0000000089900000, 0x00000000d6d00000)
  object space 84992K, 0% used [0x0000000084600000,0x0000000084602000,0x0000000089900000)
 Metaspace       used 11571K, capacity 11758K, committed 11904K, reserved 1060864K
  class space    used 1338K, capacity 1401K, committed 1408K, reserved 1048576K
Event: 2.064 GC heap after
Heap after GC invocations=2 (full 0):
 PSYoungGen      total 36864K, used 5095K [0x00000000d6d00000, 0x00000000db500000, 0x0000000100000000)
  eden space 31744K, 0% used [0x00000000d6d00000,0x00000000d6d00000,0x00000000d8c00000)
  from space 5120K, 99% used [0x00000000d9100000,0x00000000d95f9da8,0x00000000d9600000)
  to   space 5120K, 0% used [0x00000000d8c00000,0x00000000d8c00000,0x00000000d9100000)
 ParOldGen       total 84992K, used 13068K [0x0000000084600000, 0x0000000089900000, 0x00000000d6d00000)
  object space 84992K, 15% used [0x0000000084600000,0x00000000852c3350,0x0000000089900000)
 Metaspace       used 11571K, capacity 11758K, committed 11904K, reserved 1060864K
  class space    used 1338K, capacity 1401K, committed 1408K, reserved 1048576K
}
Event: 2.962 GC heap before
{Heap before GC invocations=3 (full 0):
 PSYoungGen      total 36864K, used 36839K [0x00000000d6d00000, 0x00000000db500000, 0x0000000100000000)
  eden space 31744K, 100% used [0x00000000d6d00000,0x00000000d8c00000,0x00000000d8c00000)
  from space 5120K, 99% used [0x00000000d9100000,0x00000000d95f9da8,0x00000000d9600000)
  to   space 5120K, 0% used [0x00000000d8c00000,0x00000000d8c00000,0x00000000d9100000)
 ParOldGen       total 84992K, used 13068K [0x0000000084600000, 0x0000000089900000, 0x00000000d6d00000)
  object space 84992K, 15% used [0x0000000084600000,0x00000000852c3350,0x0000000089900000)
 Metaspace       used 13243K, capacity 13450K, committed 13696K, reserved 1060864K
  class space    used 1525K, capacity 1603K, committed 1664K, reserved 1048576K
Event: 3.032 GC heap after
Heap after GC invocations=3 (full 0):
 PSYoungGen      total 36864K, used 5120K [0x00000000d6d00000, 0x00000000db500000, 0x0000000100000000)
  eden space 31744K, 0% used [0x00000000d6d00000,0x00000000d6d00000,0x00000000d8c00000)
  from space 5120K, 100% used [0x00000000d8c00000,0x00000000d9100000,0x00000000d9100000)
  to   space 5120K, 0% used [0x00000000db000000,0x00000000db000000,0x00000000db500000)
 ParOldGen       total 84992K, used 29345K [0x0000000084600000, 0x0000000089900000, 0x00000000d6d00000)
  object space 84992K, 34% used [0x0000000084600000,0x00000000862a8588,0x0000000089900000)
 Metaspace       used 13243K, capacity 13450K, committed 13696K, reserved 1060864K
  class space    used 1525K, capacity 1603K, committed 1664K, reserved 1048576K
}
Event: 3.461 GC heap before
{Heap before GC invocations=4 (full 0):
 PSYoungGen      total 36864K, used 36864K [0x00000000d6d00000, 0x00000000db500000, 0x0000000100000000)
  eden space 31744K, 100% used [0x00000000d6d00000,0x00000000d8c00000,0x00000000d8c00000)
  from space 5120K, 100% used [0x00000000d8c00000,0x00000000d9100000,0x00000000d9100000)
  to   space 5120K, 0% used [0x00000000db000000,0x00000000db000000,0x00000000db500000)
 ParOldGen       total 84992K, used 29345K [0x0000000084600000, 0x0000000089900000, 0x00000000d6d00000)
  object space 84992K, 34% used [0x0000000084600000,0x00000000862a8588,0x0000000089900000)
 Metaspace       used 15269K, capacity 15520K, committed 15744K, reserved 1062912K
  class space    used 1824K, capacity 1910K, committed 1920K, reserved 1048576K
Event: 3.500 GC heap after
Heap after GC invocations=4 (full 0):
 PSYoungGen      total 68608K, used 5120K [0x00000000d6d00000, 0x00000000db500000, 0x0000000100000000)
  eden space 63488K, 0% used [0x00000000d6d00000,0x00000000d6d00000,0x00000000dab00000)
  from space 5120K, 100% used [0x00000000db000000,0x00000000db500000,0x00000000db500000)
  to   space 5120K, 0% used [0x00000000dab00000,0x00000000dab00000,0x00000000db000000)
 ParOldGen       total 84992K, used 63601K [0x0000000084600000, 0x0000000089900000, 0x00000000d6d00000)
  object space 84992K, 74% used [0x0000000084600000,0x000000008841c400,0x0000000089900000)
 Metaspace       used 15269K, capacity 15520K, committed 15744K, reserved 1062912K
  class space    used 1824K, capacity 1910K, committed 1920K, reserved 1048576K
}
Event: 3.500 GC heap before
{Heap before GC invocations=5 (full 1):
 PSYoungGen      total 68608K, used 5120K [0x00000000d6d00000, 0x00000000db500000, 0x0000000100000000)
  eden space 63488K, 0% used [0x00000000d6d00000,0x00000000d6d00000,0x00000000dab00000)
  from space 5120K, 100% used [0x00000000db000000,0x00000000db500000,0x00000000db500000)
  to   space 5120K, 0% used [0x00000000dab00000,0x00000000dab00000,0x00000000db000000)
 ParOldGen       total 84992K, used 63601K [0x0000000084600000, 0x0000000089900000, 0x00000000d6d00000)
  object space 84992K, 74% used [0x0000000084600000,0x000000008841c400,0x0000000089900000)
 Metaspace       used 15269K, capacity 15520K, committed 15744K, reserved 1062912K
  class space    used 1824K, capacity 1910K, committed 1920K, reserved 1048576K
Event: 3.635 GC heap after
Heap after GC invocations=5 (full 1):
 PSYoungGen      total 68608K, used 0K [0x00000000d6d00000, 0x00000000db500000, 0x0000000100000000)
  eden space 63488K, 0% used [0x00000000d6d00000,0x00000000d6d00000,0x00000000dab00000)
  from space 5120K, 0% used [0x00000000db000000,0x00000000db000000,0x00000000db500000)
  to   space 5120K, 0% used [0x00000000dab00000,0x00000000dab00000,0x00000000db000000)
 ParOldGen       total 137216K, used 52227K [0x0000000084600000, 0x000000008cc00000, 0x00000000d6d00000)
  object space 137216K, 38% used [0x0000000084600000,0x0000000087900fa0,0x000000008cc00000)
 Metaspace       used 15269K, capacity 15520K, committed 15744K, reserved 1062912K
  class space    used 1824K, capacity 1910K, committed 1920K, reserved 1048576K
}

Deoptimization events (10 events):
Event: 3.799 Thread 0x00007f2d78d65000 Uncommon trap: reason=unstable_if action=reinterpret pc=0x00007f2d69378e90 method=java.util.concurrent.ThreadLocalRandom.current()Ljava/util/concurrent/ThreadLocalRandom; @ 12
Event: 3.815 Thread 0x00007f2d78d65000 Uncommon trap: reason=unstable_if action=reinterpret pc=0x00007f2d693b5adc method=io.netty.util.Recycler$Stack.pop()Lio/netty/util/Recycler$DefaultHandle; @ 6
Event: 3.870 Thread 0x00007f2d78012800 Uncommon trap: reason=unstable_if action=reinterpret pc=0x00007f2d69396fe4 method=io.netty.util.Recycler$Stack.pop()Lio/netty/util/Recycler$DefaultHandle; @ 6
Event: 3.870 Thread 0x00007f2d78012800 Uncommon trap: reason=class_check action=maybe_recompile pc=0x00007f2d6938fa4c method=io.netty.buffer.PoolChunk.initBufWithSubpage(Lio/netty/buffer/PooledByteBuf;JII)V @ 127
Event: 3.870 Thread 0x00007f2d78012800 Uncommon trap: reason=unstable_if action=reinterpret pc=0x00007f2d69344fe0 method=io.netty.util.internal.shaded.org.jctools.queues.MpscArrayQueue.poll()Ljava/lang/Object; @ 28
Event: 3.870 Thread 0x00007f2d78012800 Uncommon trap: reason=class_check action=maybe_recompile pc=0x00007f2d693ecac8 method=io.netty.buffer.PoolChunk.initBufWithSubpage(Lio/netty/buffer/PooledByteBuf;JII)V @ 127
Event: 3.870 Thread 0x00007f2d78012800 Uncommon trap: reason=unstable_if action=reinterpret pc=0x00007f2d6934de70 method=io.netty.util.internal.shaded.org.jctools.queues.MpscArrayQueue.poll()Ljava/lang/Object; @ 28
Event: 3.870 Thread 0x00007f2d78012800 Uncommon trap: reason=class_check action=maybe_recompile pc=0x00007f2d693ecac8 method=io.netty.buffer.PoolChunk.initBufWithSubpage(Lio/netty/buffer/PooledByteBuf;JII)V @ 127
Event: 3.870 Thread 0x00007f2d78012800 Uncommon trap: reason=class_check action=maybe_recompile pc=0x00007f2d693ecac8 method=io.netty.buffer.PoolChunk.initBufWithSubpage(Lio/netty/buffer/PooledByteBuf;JII)V @ 127
Event: 3.895 Thread 0x00007f2d78012800 Uncommon trap: reason=class_check action=maybe_recompile pc=0x00007f2d6938fa4c method=io.netty.buffer.PoolChunk.initBufWithSubpage(Lio/netty/buffer/PooledByteBuf;JII)V @ 127

Internal exceptions (10 events):
Event: 3.217 Thread 0x00007f2d78012800 Exception <a 'java/lang/NoSuchFieldError': transfered> (0x00000000d8405d78) thrown at [/HUDSON/workspace/8-2-build-linux-amd64/jdk8u151/9699/hotspot/src/share/vm/prims/jni.cpp, line 2599]
Event: 3.217 Thread 0x00007f2d78012800 Exception <a 'java/lang/RuntimeException': failed to get field ID: DefaultFileRegion.transfered> (0x00000000d84061f8) thrown at [/HUDSON/workspace/8-2-build-linux-amd64/jdk8u151/9699/hotspot/src/share/vm/prims/jni.cpp, line 735]
Event: 3.217 Thread 0x00007f2d78012800 Exception <a 'java/lang/RuntimeException'> (0x00000000d84061f8) thrown at [/HUDSON/workspace/8-2-build-linux-amd64/jdk8u151/9699/hotspot/src/share/vm/prims/jni.cpp, line 709]
Event: 3.217 Thread 0x00007f2d78012800 Exception <a 'java/lang/reflect/InvocationTargetException'> (0x00000000d8409568) thrown at [/HUDSON/workspace/8-2-build-linux-amd64/jdk8u151/9699/hotspot/src/share/vm/runtime/reflection.cpp, line 1092]
Event: 3.222 Thread 0x00007f2d78012800 Exception <a 'java/lang/UnsatisfiedLinkError'> (0x00000000d84065e8) thrown at [/HUDSON/workspace/8-2-build-linux-amd64/jdk8u151/9699/hotspot/src/share/vm/oops/instanceKlass.cpp, line 964]
Event: 3.255 Thread 0x00007f2d78012800 Exception <a 'java/lang/ArrayIndexOutOfBoundsException': 18> (0x00000000d84fda48) thrown at [/HUDSON/workspace/8-2-build-linux-amd64/jdk8u151/9699/hotspot/src/share/vm/interpreter/interpreterRuntime.cpp, line 366]
Event: 3.256 Thread 0x00007f2d78012800 Exception <a 'java/lang/ArrayIndexOutOfBoundsException': 70> (0x00000000d84ff2d8) thrown at [/HUDSON/workspace/8-2-build-linux-amd64/jdk8u151/9699/hotspot/src/share/vm/interpreter/interpreterRuntime.cpp, line 366]
Event: 3.257 Thread 0x00007f2d78012800 Exception <a 'java/lang/ArrayIndexOutOfBoundsException': 87> (0x00000000d8504c48) thrown at [/HUDSON/workspace/8-2-build-linux-amd64/jdk8u151/9699/hotspot/src/share/vm/interpreter/interpreterRuntime.cpp, line 366]
Event: 3.265 Thread 0x00007f2d78012800 Exception <a 'java/lang/ArrayIndexOutOfBoundsException'> (0x00000000d85561e0) thrown at [/HUDSON/workspace/8-2-build-linux-amd64/jdk8u151/9699/hotspot/src/share/vm/runtime/sharedRuntime.cpp, line 605]
Event: 3.266 Thread 0x00007f2d78012800 Exception <a 'java/lang/ArrayIndexOutOfBoundsException'> (0x00000000d85571f8) thrown at [/HUDSON/workspace/8-2-build-linux-amd64/jdk8u151/9699/hotspot/src/share/vm/runtime/sharedRuntime.cpp, line 605]

Events (10 events):
Event: 3.921 Thread 0x00007f2d78012800 DEOPT PACKING pc=0x00007f2d691bcab4 sp=0x00007f2d8161a950
Event: 3.921 Thread 0x00007f2d78012800 DEOPT UNPACKING pc=0x00007f2d69047633 sp=0x00007f2d8161a790 mode 1
Event: 3.922 loading class io/netty/channel/epoll/EpollServerChannelConfig
Event: 3.922 loading class io/netty/channel/epoll/EpollServerChannelConfig done
Event: 3.922 Thread 0x00007f2d78012800 DEOPT PACKING pc=0x00007f2d691c40e1 sp=0x00007f2d8161a740
Event: 3.922 Thread 0x00007f2d78012800 DEOPT UNPACKING pc=0x00007f2d69047633 sp=0x00007f2d8161a4b0 mode 1
Event: 3.922 Thread 0x00007f2d78012800 DEOPT PACKING pc=0x00007f2d691bcd14 sp=0x00007f2d8161a7c0
Event: 3.922 Thread 0x00007f2d78012800 DEOPT UNPACKING pc=0x00007f2d69047633 sp=0x00007f2d8161a600 mode 1
Event: 3.922 Thread 0x00007f2d78012800 DEOPT PACKING pc=0x00007f2d691bcab4 sp=0x00007f2d8161a950
Event: 3.922 Thread 0x00007f2d78012800 DEOPT UNPACKING pc=0x00007f2d69047633 sp=0x00007f2d8161a790 mode 1


Dynamic libraries:
00400000-00401000 r-xp 00000000 08:05 1314889                            /usr/local/jdk1.8.0_151/bin/java
00600000-00601000 rw-p 00000000 08:05 1314889                            /usr/local/jdk1.8.0_151/bin/java
020d5000-020f6000 rw-p 00000000 00:00 0                                  [heap]
84600000-8cc00000 rw-p 00000000 00:00 0 
8cc00000-d6d00000 ---p 00000000 00:00 0 
d6d00000-db500000 rw-p 00000000 00:00 0 
db500000-100000000 ---p 00000000 00:00 0 
100000000-100220000 rw-p 00000000 00:00 0 
100220000-140000000 ---p 00000000 00:00 0 
7f2cc8000000-7f2cc8021000 rw-p 00000000 00:00 0 
7f2cc8021000-7f2ccc000000 ---p 00000000 00:00 0 
7f2ccc000000-7f2ccc03b000 rw-p 00000000 00:00 0 
7f2ccc03b000-7f2cd0000000 ---p 00000000 00:00 0 
7f2cd0000000-7f2cd0021000 rw-p 00000000 00:00 0 
7f2cd0021000-7f2cd4000000 ---p 00000000 00:00 0 
7f2cd5fc2000-7f2d14000000 rw-p 00000000 00:00 0 
7f2d14000000-7f2d14021000 rw-p 00000000 00:00 0 
7f2d14021000-7f2d18000000 ---p 00000000 00:00 0 
7f2d185fd000-7f2d18dfd000 r--s 00000000 00:29 126173                     /mnt/ramdisk/alluxioworker/33554432
7f2d18dfd000-7f2d18efd000 rw-p 00000000 00:00 0 
7f2d18efd000-7f2d18ffd000 ---p 00000000 00:00 0 
7f2d18ffd000-7f2d1c000000 rw-p 00000000 00:00 0 
7f2d1c000000-7f2d1c021000 rw-p 00000000 00:00 0 
7f2d1c021000-7f2d20000000 ---p 00000000 00:00 0 
7f2d20000000-7f2d200c8000 rw-p 00000000 00:00 0 
7f2d200c8000-7f2d24000000 ---p 00000000 00:00 0 
7f2d24000000-7f2d24461000 rw-p 00000000 00:00 0 
7f2d24461000-7f2d28000000 ---p 00000000 00:00 0 
7f2d28000000-7f2d28021000 rw-p 00000000 00:00 0 
7f2d28021000-7f2d2c000000 ---p 00000000 00:00 0 
7f2d2c000000-7f2d2d04a000 rw-p 00000000 00:00 0 
7f2d2d04a000-7f2d30000000 ---p 00000000 00:00 0 
7f2d30000000-7f2d31641000 rw-p 00000000 00:00 0 
7f2d31641000-7f2d34000000 ---p 00000000 00:00 0 
7f2d34000000-7f2d34021000 rw-p 00000000 00:00 0 
7f2d34021000-7f2d38000000 ---p 00000000 00:00 0 
7f2d38000000-7f2d3803e000 rw-p 00000000 00:00 0 
7f2d3803e000-7f2d3c000000 ---p 00000000 00:00 0 
7f2d3c000000-7f2d3c021000 rw-p 00000000 00:00 0 
7f2d3c021000-7f2d40000000 ---p 00000000 00:00 0 
7f2d40000000-7f2d40021000 rw-p 00000000 00:00 0 
7f2d40021000-7f2d44000000 ---p 00000000 00:00 0 
7f2d44000000-7f2d44021000 rw-p 00000000 00:00 0 
7f2d44021000-7f2d48000000 ---p 00000000 00:00 0 
7f2d48000000-7f2d48021000 rw-p 00000000 00:00 0 
7f2d48021000-7f2d4c000000 ---p 00000000 00:00 0 
7f2d4c1a5000-7f2d4c1a8000 ---p 00000000 00:00 0 
7f2d4c1a8000-7f2d4c2a6000 rw-p 00000000 00:00 0 
7f2d4c2a6000-7f2d4c2a9000 ---p 00000000 00:00 0 
7f2d4c2a9000-7f2d4c3a7000 rw-p 00000000 00:00 0 
7f2d4c3a7000-7f2d4c3aa000 ---p 00000000 00:00 0 
7f2d4c3aa000-7f2d4c6a8000 rw-p 00000000 00:00 0 
7f2d4c6a8000-7f2d4c6be000 r-xp 00000000 08:05 1578264                    /lib/x86_64-linux-gnu/libgcc_s.so.1
7f2d4c6be000-7f2d4c8bd000 ---p 00016000 08:05 1578264                    /lib/x86_64-linux-gnu/libgcc_s.so.1
7f2d4c8bd000-7f2d4c8be000 r--p 00015000 08:05 1578264                    /lib/x86_64-linux-gnu/libgcc_s.so.1
7f2d4c8be000-7f2d4c8bf000 rw-p 00016000 08:05 1578264                    /lib/x86_64-linux-gnu/libgcc_s.so.1
7f2d4c8d8000-7f2d4c90a000 r-xp 00000000 08:05 1330000                    /usr/local/jdk1.8.0_151/jre/lib/amd64/libsunec.so
7f2d4c90a000-7f2d4cb09000 ---p 00032000 08:05 1330000                    /usr/local/jdk1.8.0_151/jre/lib/amd64/libsunec.so
7f2d4cb09000-7f2d4cb0f000 rw-p 00031000 08:05 1330000                    /usr/local/jdk1.8.0_151/jre/lib/amd64/libsunec.so
7f2d4cb0f000-7f2d4cd1f000 rw-p 00000000 00:00 0 
7f2d4cd1f000-7f2d4df20000 rw-p 00000000 00:00 0 
7f2d4df20000-7f2d4df21000 r-xp 00000000 08:05 1330034                    /usr/local/jdk1.8.0_151/jre/lib/amd64/libjaas_unix.so
7f2d4df21000-7f2d4e120000 ---p 00001000 08:05 1330034                    /usr/local/jdk1.8.0_151/jre/lib/amd64/libjaas_unix.so
7f2d4e120000-7f2d4e121000 rw-p 00000000 08:05 1330034                    /usr/local/jdk1.8.0_151/jre/lib/amd64/libjaas_unix.so
7f2d4e121000-7f2d4e124000 ---p 00000000 00:00 0 
7f2d4e124000-7f2d4e222000 rw-p 00000000 00:00 0 
7f2d4e222000-7f2d4e225000 ---p 00000000 00:00 0 
7f2d4e225000-7f2d4e323000 rw-p 00000000 00:00 0 
7f2d4e323000-7f2d4e395000 r-xp 00000000 08:05 1578352                    /lib/x86_64-linux-gnu/libpcre.so.3.13.3
7f2d4e395000-7f2d4e594000 ---p 00072000 08:05 1578352                    /lib/x86_64-linux-gnu/libpcre.so.3.13.3
7f2d4e594000-7f2d4e595000 r--p 00071000 08:05 1578352                    /lib/x86_64-linux-gnu/libpcre.so.3.13.3
7f2d4e595000-7f2d4e596000 rw-p 00072000 08:05 1578352                    /lib/x86_64-linux-gnu/libpcre.so.3.13.3
7f2d4e596000-7f2d4e5bb000 r-xp 00000000 08:05 1578379                    /lib/x86_64-linux-gnu/libselinux.so.1
7f2d4e5bb000-7f2d4e7ba000 ---p 00025000 08:05 1578379                    /lib/x86_64-linux-gnu/libselinux.so.1
7f2d4e7ba000-7f2d4e7bb000 r--p 00024000 08:05 1578379                    /lib/x86_64-linux-gnu/libselinux.so.1
7f2d4e7bb000-7f2d4e7bc000 rw-p 00025000 08:05 1578379                    /lib/x86_64-linux-gnu/libselinux.so.1
7f2d4e7bc000-7f2d4e7be000 rw-p 00000000 00:00 0 
7f2d4e7be000-7f2d4e7ff000 r-xp 00000000 08:05 1578200                    /lib/x86_64-linux-gnu/libnss_resolve.so.2
7f2d4e7ff000-7f2d4e802000 r--p 00040000 08:05 1578200                    /lib/x86_64-linux-gnu/libnss_resolve.so.2
7f2d4e802000-7f2d4e803000 rw-p 00043000 08:05 1578200                    /lib/x86_64-linux-gnu/libnss_resolve.so.2
7f2d4e803000-7f2d4e804000 rw-p 00000000 00:00 0 
7f2d4e804000-7f2d4e806000 r-xp 00000000 08:05 1578327                    /lib/x86_64-linux-gnu/libnss_mdns4_minimal.so.2
7f2d4e806000-7f2d4ea05000 ---p 00002000 08:05 1578327                    /lib/x86_64-linux-gnu/libnss_mdns4_minimal.so.2
7f2d4ea05000-7f2d4ea06000 r--p 00001000 08:05 1578327                    /lib/x86_64-linux-gnu/libnss_mdns4_minimal.so.2
7f2d4ea06000-7f2d4ea07000 rw-p 00002000 08:05 1578327                    /lib/x86_64-linux-gnu/libnss_mdns4_minimal.so.2
7f2d4ea0e000-7f2d4ea13000 r--s 0003e000 08:05 1329903                    /usr/local/jdk1.8.0_151/jre/lib/ext/sunjce_provider.jar
7f2d4ea13000-7f2d4ea15000 r--s 00009000 08:05 1329893                    /usr/local/jdk1.8.0_151/jre/lib/ext/sunec.jar
7f2d4ea15000-7f2d4ea18000 r--s 0003a000 08:05 1329900                    /usr/local/jdk1.8.0_151/jre/lib/ext/sunpkcs11.jar
7f2d4ea18000-7f2d4ea1b000 r--s 0001a000 08:05 1330064                    /usr/local/jdk1.8.0_151/jre/lib/jce.jar
7f2d4ea1b000-7f2d4ea20000 r--s 0009a000 08:05 1329891                    /usr/local/jdk1.8.0_151/jre/lib/jsse.jar
7f2d4ea20000-7f2d4ea37000 r-xp 00000000 08:05 1330048                    /usr/local/jdk1.8.0_151/jre/lib/amd64/libnet.so
7f2d4ea37000-7f2d4ec36000 ---p 00017000 08:05 1330048                    /usr/local/jdk1.8.0_151/jre/lib/amd64/libnet.so
7f2d4ec36000-7f2d4ec37000 rw-p 00016000 08:05 1330048                    /usr/local/jdk1.8.0_151/jre/lib/amd64/libnet.so
7f2d4ec37000-7f2d4ec48000 r-xp 00000000 08:05 1330051                    /usr/local/jdk1.8.0_151/jre/lib/amd64/libnio.so
7f2d4ec48000-7f2d4ee47000 ---p 00011000 08:05 1330051                    /usr/local/jdk1.8.0_151/jre/lib/amd64/libnio.so
7f2d4ee47000-7f2d4ee48000 rw-p 00010000 08:05 1330051                    /usr/local/jdk1.8.0_151/jre/lib/amd64/libnio.so
7f2d4ee48000-7f2d4ee4f000 r--s 00000000 08:05 1714990                    /usr/lib/x86_64-linux-gnu/gconv/gconv-modules.cache
7f2d4ee4f000-7f2d4ee70000 r--p 00000000 08:05 272487                     /usr/share/locale-langpack/zh_CN/LC_MESSAGES/libc.mo
7f2d4ee70000-7f2d4ee7a000 r--s 00116000 08:05 1329902                    /usr/local/jdk1.8.0_151/jre/lib/ext/localedata.jar
7f2d4ee7a000-7f2d4ee96000 r--s 00393000 08:05 1329895                    /usr/local/jdk1.8.0_151/jre/lib/ext/cldrdata.jar
7f2d4ee96000-7f2d4ee9f000 r-xp 00000000 08:05 1330056                    /usr/local/jdk1.8.0_151/jre/lib/amd64/libmanagement.so
7f2d4ee9f000-7f2d4f09e000 ---p 00009000 08:05 1330056                    /usr/local/jdk1.8.0_151/jre/lib/amd64/libmanagement.so
7f2d4f09e000-7f2d4f09f000 rw-p 00008000 08:05 1330056                    /usr/local/jdk1.8.0_151/jre/lib/amd64/libmanagement.so
7f2d4f09f000-7f2d4f0a0000 ---p 00000000 00:00 0 
7f2d4f0a0000-7f2d4f1a0000 rw-p 00000000 00:00 0 
7f2d4f1a0000-7f2d4f1a3000 ---p 00000000 00:00 0 
7f2d4f1a3000-7f2d4f2a1000 rw-p 00000000 00:00 0 
7f2d4f2a1000-7f2d4f2a4000 ---p 00000000 00:00 0 
7f2d4f2a4000-7f2d4f3a2000 rw-p 00000000 00:00 0 
7f2d4f3a2000-7f2d4f3a5000 ---p 00000000 00:00 0 
7f2d4f3a5000-7f2d4f4a3000 rw-p 00000000 00:00 0 
7f2d4f4a3000-7f2d4f4a6000 ---p 00000000 00:00 0 
7f2d4f4a6000-7f2d4f5a4000 rw-p 00000000 00:00 0 
7f2d4f5a4000-7f2d4f5ab000 r--s 0005e000 08:05 1340608                    /usr/local/idea-IC-173.4548.28/lib/asm-all.jar
7f2d4f5ab000-7f2d4f5ad000 r--s 00003000 08:05 1341856                    /usr/local/idea-IC-173.4548.28/lib/rt/debugger-agent.jar
7f2d4f5ad000-7f2d4f5af000 r--s 0001a000 08:05 1341790                    /usr/local/idea-IC-173.4548.28/lib/idea_rt.jar
7f2d4f5af000-7f2d4f5b1000 r--s 00009000 08:06 760128                     /home/innkp/.m2/repository/org/objenesis/objenesis/2.1/objenesis-2.1.jar
7f2d4f5b1000-7f2d4f5bb000 r--s 000a5000 08:06 760118                     /home/innkp/.m2/repository/org/javassist/javassist/3.18.2-GA/javassist-3.18.2-GA.jar
7f2d4f5bb000-7f2d4f5bc000 r--s 00001000 08:06 760094                     /home/innkp/.m2/repository/com/google/errorprone/error_prone_annotations/2.0.2/error_prone_annotations-2.0.2.jar
7f2d4f5bc000-7f2d4f5be000 r--s 00001000 08:06 760088                     /home/innkp/.m2/repository/org/slf4j/slf4j-log4j12/1.7.2/slf4j-log4j12-1.7.2.jar
7f2d4f5be000-7f2d4f5c0000 r--s 00005000 08:06 760086                     /home/innkp/.m2/repository/org/slf4j/slf4j-api/1.7.2/slf4j-api-1.7.2.jar
7f2d4f5c0000-7f2d4f5c9000 r--s 0006f000 08:06 760083                     /home/innkp/.m2/repository/log4j/log4j/1.2.17/log4j-1.2.17.jar
7f2d4f5c9000-7f2d4f5cb000 r--s 00003000 08:06 760084                     /home/innkp/.m2/repository/com/google/code/findbugs/jsr305/3.0.1/jsr305-3.0.1.jar
7f2d4f5cb000-7f2d4f5d3000 r--s 00048000 08:06 776272                     /home/innkp/.m2/repository/org/apache/httpcomponents/httpcore/4.4.6/httpcore-4.4.6.jar
7f2d4f5d3000-7f2d4f5e0000 r--s 000aa000 08:06 776269                     /home/innkp/.m2/repository/org/apache/httpcomponents/httpclient/4.5.3/httpclient-4.5.3.jar
7f2d4f5e0000-7f2d4f5e6000 r--s 00034000 08:06 776267                     /home/innkp/.m2/repository/org/apache/thrift/libthrift/0.9.3/libthrift-0.9.3.jar
7f2d4f5e6000-7f2d4f60d000 r--s 00206000 08:06 776259                     /home/innkp/.m2/repository/io/netty/netty-all/4.0.53.Final/netty-all-4.0.53.Final.jar
7f2d4f60d000-7f2d4f611000 r--s 00018000 08:06 776245                     /home/innkp/.m2/repository/io/dropwizard/metrics/metrics-core/3.1.2/metrics-core-3.1.2.jar
7f2d4f611000-7f2d4f614000 r--s 00009000 08:06 776254                     /home/innkp/.m2/repository/com/fasterxml/jackson/core/jackson-annotations/2.6.6/jackson-annotations-2.6.6.jar
7f2d4f614000-7f2d4f617000 r--s 0001d000 08:06 776279                     /home/innkp/.m2/repository/org/reflections/reflections/0.9.10/reflections-0.9.10.jar
7f2d4f617000-7f2d4f62f000 r--s 00110000 08:06 776278                     /home/innkp/.m2/repository/io/netty/netty/3.7.0.Final/netty-3.7.0.Final.jar
7f2d4f62f000-7f2d4f633000 r--s 0003e000 08:06 826875                     /home/innkp/.m2/repository/jline/jline/2.14.6/jline-2.14.6.jar
7f2d4f633000-7f2d4f63f000 r--s 000b6000 08:06 776274                     /home/innkp/.m2/repository/org/apache/zookeeper/zookeeper/3.4.6/zookeeper-3.4.6.jar
7f2d4f63f000-7f2d4f645000 r--s 00033000 08:06 776266                     /home/innkp/.m2/repository/org/apache/curator/curator-recipes/2.1.0-incubating/curator-recipes-2.1.0-incubating.jar
7f2d4f645000-7f2d4f64a000 r--s 00024000 08:06 776264                     /home/innkp/.m2/repository/org/apache/curator/curator-framework/2.1.0-incubating/curator-framework-2.1.0-incubating.jar
7f2d4f64a000-7f2d4f64d000 r--s 0000d000 08:06 776263                     /home/innkp/.m2/repository/org/apache/curator/curator-client/2.1.0-incubating/curator-client-2.1.0-incubating.jar
7f2d4f64d000-7f2d4f654000 r--s 00064000 08:06 767974                     /home/innkp/.m2/repository/org/apache/commons/commons-lang3/3.4/commons-lang3-3.4.jar
7f2d4f654000-7f2d4f656000 r--s 00008000 08:06 776257                     /home/innkp/.m2/repository/io/dropwizard/metrics/metrics-jvm/3.1.2/metrics-jvm-3.1.2.jar
7f2d4f656000-7f2d4f65a000 r--s 0003c000 08:06 776255                     /home/innkp/.m2/repository/com/fasterxml/jackson/core/jackson-core/2.6.6/jackson-core-2.6.6.jar
7f2d4f65a000-7f2d4f66b000 r--s 0010d000 08:06 776251                     /home/innkp/.m2/repository/com/fasterxml/jackson/core/jackson-databind/2.6.6/jackson-databind-2.6.6.jar
7f2d4f66b000-7f2d4f66c000 r--s 00003000 08:06 776250                     /home/innkp/.m2/repository/io/dropwizard/metrics/metrics-json/3.1.2/metrics-json-3.1.2.jar
7f2d4f66c000-7f2d4f66e000 r--s 00004000 08:06 776247                     /home/innkp/.m2/repository/io/dropwizard/metrics/metrics-graphite/3.1.2/metrics-graphite-3.1.2.jar
7f2d4f66e000-7f2d4f673000 r--s 00041000 08:06 768822                     /home/innkp/.m2/repository/commons-lang/commons-lang/2.6/commons-lang-2.6.jar
7f2d4f673000-7f2d4f677000 r--s 0002a000 08:06 776244                     /home/innkp/.m2/repository/commons-io/commons-io/2.4/commons-io-2.4.jar
7f2d4f677000-7f2d4f67d000 r--s 00045000 08:06 769161                     /home/innkp/.m2/repository/commons-httpclient/commons-httpclient/3.1/commons-httpclient-3.1.jar
7f2d4f67d000-7f2d4f67e000 r--s 0000c000 08:06 768868                     /home/innkp/.m2/repository/commons-cli/commons-cli/1.3.1/commons-cli-1.3.1.jar
7f2d4f67e000-7f2d4f680000 r--s 00003000 08:06 776850                     /home/innkp/.m2/repository/org/apache/hadoop/hadoop-annotations/2.2.0/hadoop-annotations-2.2.0.jar
7f2d4f680000-7f2d4f681000 r--s 00008000 08:06 776848                     /home/innkp/.m2/repository/org/apache/hadoop/hadoop-mapreduce-client-jobclient/2.2.0/hadoop-mapreduce-client-jobclient-2.2.0.jar
7f2d4f681000-7f2d4f693000 r--s 0012c000 08:06 776847                     /home/innkp/.m2/repository/org/apache/hadoop/hadoop-yarn-common/2.2.0/hadoop-yarn-common-2.2.0.jar
7f2d4f693000-7f2d4f6ab000 r--s 0014c000 08:06 776845                     /home/innkp/.m2/repository/org/apache/hadoop/hadoop-mapreduce-client-core/2.2.0/hadoop-mapreduce-client-core-2.2.0.jar
7f2d4f6ab000-7f2d4f6bc000 r--s 0010a000 08:06 776843                     /home/innkp/.m2/repository/org/apache/hadoop/hadoop-yarn-api/2.2.0/hadoop-yarn-api-2.2.0.jar
7f2d4f6bc000-7f2d4f6be000 r--s 00004000 08:06 776841                     /home/innkp/.m2/repository/org/apache/hadoop/hadoop-mapreduce-client-shuffle/2.2.0/hadoop-mapreduce-client-shuffle-2.2.0.jar
7f2d4f6be000-7f2d4f6c2000 r--s 00027000 08:06 776840                     /home/innkp/.m2/repository/org/apache/hadoop/hadoop-yarn-server-common/2.2.0/hadoop-yarn-server-common-2.2.0.jar
7f2d4f6c2000-7f2d4f6c3000 r--s 00003000 08:06 776837                     /home/innkp/.m2/repository/com/sun/jersey/contribs/jersey-guice/1.9/jersey-guice-1.9.jar
7f2d4f6c3000-7f2d4f6c4000 r--s 00007000 08:06 776835                     /home/innkp/.m2/repository/org/codehaus/jackson/jackson-xc/1.8.3/jackson-xc-1.8.3.jar
7f2d4f6c4000-7f2d4f6c5000 r--s 00004000 08:06 776834                     /home/innkp/.m2/repository/org/codehaus/jackson/jackson-jaxrs/1.8.3/jackson-jaxrs-1.8.3.jar
7f2d4f6c5000-7f2d4f6c7000 r--s 0000e000 08:06 776831                     /home/innkp/.m2/repository/javax/activation/activation/1.1/activation-1.1.jar
7f2d4f6c7000-7f2d4f6ca000 r--s 00017000 08:06 776829                     /home/innkp/.m2/repository/javax/xml/bind/jaxb-api/2.2.2/jaxb-api-2.2.2.jar
7f2d4f6ca000-7f2d4f6dd000 r--s 000c7000 08:06 776828                     /home/innkp/.m2/repository/com/sun/xml/bind/jaxb-impl/2.2.3-1/jaxb-impl-2.2.3-1.jar
7f2d4f6dd000-7f2d4f6df000 r--s 00005000 08:06 768360                     /home/innkp/.m2/repository/stax/stax-api/1.0.1/stax-api-1.0.1.jar
7f2d4f6df000-7f2d4f6e1000 r--s 0000f000 08:06 776825                     /home/innkp/.m2/repository/org/codehaus/jettison/jettison/1.1/jettison-1.1.jar
7f2d4f6e1000-7f2d4f6e5000 r--s 00021000 08:06 776823                     /home/innkp/.m2/repository/com/sun/jersey/jersey-json/1.9/jersey-json-1.9.jar
7f2d4f6e5000-7f2d4f6e8000 r--s 00012000 08:06 776821                     /home/innkp/.m2/repository/org/glassfish/javax.servlet/3.1/javax.servlet-3.1.jar
7f2d4f6e8000-7f2d4f6f0000 r--s 0004b000 08:06 776819                     /home/innkp/.m2/repository/org/glassfish/grizzly/grizzly-http-servlet/2.1.2/grizzly-http-servlet-2.1.2.jar
7f2d4f6f0000-7f2d4f6f1000 r--s 00001000 08:06 776817                     /home/innkp/.m2/repository/org/glassfish/grizzly/grizzly-rcm/2.1.2/grizzly-rcm-2.1.2.jar
7f2d4f6f1000-7f2d4f6f5000 r--s 0002d000 08:06 776815                     /home/innkp/.m2/repository/org/glassfish/grizzly/grizzly-http-server/2.1.2/grizzly-http-server-2.1.2.jar
7f2d4f6f5000-7f2d4f6f7000 r--s 00009000 08:06 776814                     /home/innkp/.m2/repository/org/glassfish/external/management-api/3.0.0-b012/management-api-3.0.0-b012.jar
7f2d4f6f7000-7f2d4f6f9000 r--s 00004000 08:06 776811                     /home/innkp/.m2/repository/org/glassfish/gmbal/gmbal-api-only/3.0.0-b023/gmbal-api-only-3.0.0-b023.jar
7f2d4f6f9000-7f2d4f707000 r--s 0009b000 08:06 776809                     /home/innkp/.m2/repository/org/glassfish/grizzly/grizzly-framework/2.1.2/grizzly-framework-2.1.2.jar
7f2d4f707000-7f2d4f70b000 r--s 0003a000 08:06 776807                     /home/innkp/.m2/repository/org/glassfish/grizzly/grizzly-http/2.1.2/grizzly-http-2.1.2.jar
7f2d4f70b000-7f2d4f70d000 r--s 00003000 08:06 776805                     /home/innkp/.m2/repository/com/sun/jersey/jersey-grizzly2/1.9/jersey-grizzly2-1.9.jar
7f2d4f70d000-7f2d4f710000 r--s 0001d000 08:06 776803                     /home/innkp/.m2/repository/com/sun/jersey/jersey-client/1.9/jersey-client-1.9.jar
7f2d4f710000-7f2d4f713000 r--s 00015000 08:06 776801                     /home/innkp/.m2/repository/javax/servlet/javax.servlet-api/3.1.0/javax.servlet-api-3.1.0.jar
7f2d4f713000-7f2d4f715000 r--s 00005000 08:06 776799                     /home/innkp/.m2/repository/com/sun/jersey/jersey-test-framework/jersey-test-framework-core/1.9/jersey-test-framework-core-1.9.jar
7f2d4f715000-7f2d4f717000 r--s 00002000 08:06 776798                     /home/innkp/.m2/repository/com/sun/jersey/jersey-test-framework/jersey-test-framework-grizzly2/1.9/jersey-test-framework-grizzly2-1.9.jar
7f2d4f717000-7f2d4f718000 r--s 00000000 08:06 768330                     /home/innkp/.m2/repository/javax/inject/javax.inject/1/javax.inject-1.jar
7f2d4f718000-7f2d4f71b000 r--s 00015000 08:06 776793                     /home/innkp/.m2/repository/org/apache/hadoop/hadoop-yarn-client/2.2.0/hadoop-yarn-client-2.2.0.jar
7f2d4f71b000-7f2d4f727000 r--s 00095000 08:06 776791                     /home/innkp/.m2/repository/org/apache/hadoop/hadoop-mapreduce-client-common/2.2.0/hadoop-mapreduce-client-common-2.2.0.jar
7f2d4f727000-7f2d4f730000 r--s 0006d000 08:06 776789                     /home/innkp/.m2/repository/org/apache/hadoop/hadoop-mapreduce-client-app/2.2.0/hadoop-mapreduce-client-app-2.2.0.jar
7f2d4f730000-7f2d4f734000 r--s 00028000 08:06 776787                     /home/innkp/.m2/repository/org/mortbay/jetty/jetty-util/6.1.26/jetty-util-6.1.26.jar
7f2d4f734000-7f2d4f779000 r--s 004bb000 08:06 776785                     /home/innkp/.m2/repository/org/apache/hadoop/hadoop-hdfs/2.2.0/hadoop-hdfs-2.2.0.jar
7f2d4f779000-7f2d4f784000 r--s 0007e000 08:06 859523                     /home/innkp/.m2/repository/org/apache/commons/commons-compress/1.16.1/commons-compress-1.16.1.jar
7f2d4f784000-7f2d4f786000 r--s 0000b000 08:06 776780                     /home/innkp/.m2/repository/org/apache/hadoop/hadoop-auth/2.2.0/hadoop-auth-2.2.0.jar
7f2d4f786000-7f2d4f788000 r--s 00006000 08:06 776775                     /home/innkp/.m2/repository/com/thoughtworks/paranamer/paranamer/2.3/paranamer-2.3.jar
7f2d4f788000-7f2d4f78f000 r--s 00044000 08:06 776773                     /home/innkp/.m2/repository/org/apache/avro/avro/1.7.4/avro-1.7.4.jar
7f2d4f78f000-7f2d4f793000 r--s 0002f000 08:06 776767                     /home/innkp/.m2/repository/commons-beanutils/commons-beanutils-core/1.8.0/commons-beanutils-core-1.8.0.jar
7f2d4f793000-7f2d4f798000 r--s 0002a000 08:06 768842                     /home/innkp/.m2/repository/commons-beanutils/commons-beanutils/1.7.0/commons-beanutils-1.7.0.jar
7f2d4f798000-7f2d4f79c000 r--s 00020000 08:06 768873                     /home/innkp/.m2/repository/commons-digester/commons-digester/1.8/commons-digester-1.8.jar
7f2d4f79c000-7f2d4f7aa000 r--s 0007f000 08:06 767989                     /home/innkp/.m2/repository/commons-collections/commons-collections/3.2.1/commons-collections-3.2.1.jar
7f2d4f7aa000-7f2d4f7b0000 r--s 00043000 08:06 776764                     /home/innkp/.m2/repository/commons-configuration/commons-configuration/1.6/commons-configuration-1.6.jar
7f2d4f7b0000-7f2d4f7b2000 r--s 0000d000 08:06 768372                     /home/innkp/.m2/repository/commons-logging/commons-logging/1.1.1/commons-logging-1.1.1.jar
7f2d4f7b2000-7f2d4f7b7000 r--s 0003e000 08:06 776759                     /home/innkp/.m2/repository/commons-net/commons-net/3.1/commons-net-3.1.jar
7f2d4f7b7000-7f2d4f7b8000 r--s 00003000 08:06 776762                     /home/innkp/.m2/repository/xmlenc/xmlenc/0.52/xmlenc-0.52.jar
7f2d4f7b8000-7f2d4f7c9000 r--s 000bb000 08:06 776760                     /home/innkp/.m2/repository/org/apache/commons/commons-math/2.1/commons-math-2.1.jar
7f2d4f7c9000-7f2d4f7f4000 r--s 00271000 08:06 776756                     /home/innkp/.m2/repository/org/apache/hadoop/hadoop-common/2.2.0/hadoop-common-2.2.0.jar
7f2d4f7f4000-7f2d4f7f5000 r--s 00000000 08:06 776754                     /home/innkp/.m2/repository/org/apache/hadoop/hadoop-client/2.2.0/hadoop-client-2.2.0.jar
7f2d4f7f5000-7f2d4f7f9000 r--s 0001a000 08:06 971752                     /home/innkp/.m2/repository/io/netty/netty-codec-socks/4.1.30.Final/netty-codec-socks-4.1.30.Final.jar
7f2d4f7f9000-7f2d4f7fb000 r--s 00007000 08:06 971750                     /home/innkp/.m2/repository/io/netty/netty-resolver/4.1.30.Final/netty-resolver-4.1.30.Final.jar
7f2d4f7fb000-7f2d4f805000 r--s 00068000 08:06 971749                     /home/innkp/.m2/repository/io/netty/netty-transport/4.1.30.Final/netty-transport-4.1.30.Final.jar
7f2d4f805000-7f2d4f807000 r--s 00004000 08:06 971747                     /home/innkp/.m2/repository/io/netty/netty-handler-proxy/4.1.30.Final/netty-handler-proxy-4.1.30.Final.jar
7f2d4f807000-7f2d4f814000 r--s 00083000 08:06 971745                     /home/innkp/.m2/repository/io/netty/netty-common/4.1.30.Final/netty-common-4.1.30.Final.jar
7f2d4f814000-7f2d4f818000 r--s 0003f000 08:06 971743                     /home/innkp/.m2/repository/io/netty/netty-buffer/4.1.30.Final/netty-buffer-4.1.30.Final.jar
7f2d4f818000-7f2d4f820000 r--s 0005a000 08:06 971739                     /home/innkp/.m2/repository/io/netty/netty-handler/4.1.30.Final/netty-handler-4.1.30.Final.jar
7f2d4f820000-7f2d4f826000 r--s 00048000 08:06 971741                     /home/innkp/.m2/repository/io/netty/netty-codec/4.1.30.Final/netty-codec-4.1.30.Final.jar
7f2d4f826000-7f2d4f830000 r--s 00080000 08:06 971737                     /home/innkp/.m2/repository/io/netty/netty-codec-http/4.1.30.Final/netty-codec-http-4.1.30.Final.jar
7f2d4f830000-7f2d4f838000 r--s 0005b000 08:06 971735                     /home/innkp/.m2/repository/io/netty/netty-codec-http2/4.1.30.Final/netty-codec-http2-4.1.30.Final.jar
7f2d4f838000-7f2d4f83d000 r--s 0002f000 08:06 760823                     /home/innkp/.m2/repository/io/grpc/grpc-netty/1.16.1/grpc-netty-1.16.1.jar
7f2d4f83d000-7f2d4f83f000 r--s 00008000 08:06 842967                     /home/innkp/.m2/repository/io/grpc/grpc-stub/1.16.1/grpc-stub-1.16.1.jar
7f2d4f83f000-7f2d4f840000 r--s 00001000 08:06 971477                     /home/innkp/.m2/repository/io/grpc/grpc-protobuf-lite/1.16.1/grpc-protobuf-lite-1.16.1.jar
7f2d4f840000-7f2d4f84b000 r--s 00100000 08:06 971475                     /home/innkp/.m2/repository/com/google/api/grpc/proto-google-common-protos/1.0.0/proto-google-common-protos-1.0.0.jar
7f2d4f84b000-7f2d4f874000 r--s 001ee000 08:06 760095                     /home/innkp/.m2/repository/com/google/guava/guava/14.0.1/guava-14.0.1.jar
7f2d4f874000-7f2d4f875000 r--s 00002000 08:06 1079837                    /home/innkp/.m2/repository/io/opencensus/opencensus-contrib-grpc-metrics/0.12.3/opencensus-contrib-grpc-metrics-0.12.3.jar
7f2d4f875000-7f2d4f87c000 r--s 00030000 08:06 1079839                    /home/innkp/.m2/repository/io/opencensus/opencensus-api/0.12.3/opencensus-api-0.12.3.jar
7f2d4f87c000-7f2d4f87d000 r--s 00000000 08:06 1022729                    /home/innkp/.m2/repository/org/codehaus/mojo/animal-sniffer-annotations/1.17/animal-sniffer-annotations-1.17.jar
7f2d4f87d000-7f2d4f882000 r--s 00034000 08:06 883985                     /home/innkp/.m2/repository/com/google/code/gson/gson/2.7/gson-2.7.jar
7f2d4f882000-7f2d4f883000 r--s 00006000 08:06 883988                     /home/innkp/.m2/repository/io/grpc/grpc-context/1.16.1/grpc-context-1.16.1.jar
7f2d4f883000-7f2d4f892000 r--s 000a0000 08:06 883983                     /home/innkp/.m2/repository/io/grpc/grpc-core/1.16.1/grpc-core-1.16.1.jar
7f2d4f892000-7f2d4f893000 r--s 00001000 08:06 843068                     /home/innkp/.m2/repository/io/grpc/grpc-protobuf/1.16.1/grpc-protobuf-1.16.1.jar
7f2d4f893000-7f2d4f8a3000 r--s 0014c000 08:06 1079847                    /home/innkp/.m2/repository/com/google/protobuf/protobuf-java/3.6.1/protobuf-java-3.6.1.jar
7f2d4f8a3000-7f2d4f8aa000 r--s 0003f000 08:06 776241                     /home/innkp/.m2/repository/commons-codec/commons-codec/1.10/commons-codec-1.10.jar
7f2d4f8aa000-7f2d4f8b5000 r--s 000c5000 08:06 882557                     /home/innkp/.m2/repository/org/apache/parquet/parquet-encoding/1.10.0/parquet-encoding-1.10.0.jar
7f2d4f8b5000-7f2d4f8ce000 r--s 000f4000 08:06 882556                     /home/innkp/.m2/repository/org/apache/parquet/parquet-column/1.10.0/parquet-column-1.10.0.jar
7f2d4f8ce000-7f2d4f8d1000 r--s 00019000 08:06 833066                     /home/innkp/.m2/repository/commons-pool/commons-pool/1.6/commons-pool-1.6.jar
7f2d4f8d1000-7f2d4f8d5000 r--s 00035000 08:06 785094                     /home/innkp/.m2/repository/org/codehaus/jackson/jackson-core-asl/1.9.13/jackson-core-asl-1.9.13.jar
7f2d4f8d5000-7f2d4f8e3000 r--s 000b1000 08:06 785096                     /home/innkp/.m2/repository/org/codehaus/jackson/jackson-mapper-asl/1.9.13/jackson-mapper-asl-1.9.13.jar
7f2d4f8e3000-7f2d4f8f7000 r--s 000ec000 08:06 882559                     /home/innkp/.m2/repository/org/apache/parquet/parquet-jackson/1.10.0/parquet-jackson-1.10.0.jar
7f2d4f8f7000-7f2d4f8fa000 ---p 00000000 00:00 0 
7f2d4f8fa000-7f2d4f9f8000 rw-p 00000000 00:00 0 
7f2d4f9f8000-7f2d4f9fb000 ---p 00000000 00:00 0 
7f2d4f9fb000-7f2d4faf9000 rw-p 00000000 00:00 0 
7f2d4faf9000-7f2d4fafc000 ---p 00000000 00:00 0 
7f2d4fafc000-7f2d4fbfa000 rw-p 00000000 00:00 0 
7f2d4fbfa000-7f2d4fbfe000 r-xp 00000000 08:05 1330012                    /usr/local/jdk1.8.0_151/jre/lib/amd64/libdt_socket.so
7f2d4fbfe000-7f2d4fdfd000 ---p 00004000 08:05 1330012                    /usr/local/jdk1.8.0_151/jre/lib/amd64/libdt_socket.so
7f2d4fdfd000-7f2d4fdfe000 rw-p 00003000 08:05 1330012                    /usr/local/jdk1.8.0_151/jre/lib/amd64/libdt_socket.so
7f2d4fdfe000-7f2d4fe01000 ---p 00000000 00:00 0 
7f2d4fe01000-7f2d4feff000 rw-p 00000000 00:00 0 
7f2d4feff000-7f2d4ff02000 ---p 00000000 00:00 0 
7f2d4ff02000-7f2d50000000 rw-p 00000000 00:00 0 
7f2d50000000-7f2d50021000 rw-p 00000000 00:00 0 
7f2d50021000-7f2d54000000 ---p 00000000 00:00 0 
7f2d54000000-7f2d54021000 rw-p 00000000 00:00 0 
7f2d54021000-7f2d58000000 ---p 00000000 00:00 0 
7f2d58000000-7f2d58021000 rw-p 00000000 00:00 0 
7f2d58021000-7f2d5c000000 ---p 00000000 00:00 0 
7f2d5c000000-7f2d5c021000 rw-p 00000000 00:00 0 
7f2d5c021000-7f2d60000000 ---p 00000000 00:00 0 
7f2d60000000-7f2d60013000 r--s 00345000 08:05 1329872                    /usr/local/jdk1.8.0_151/jre/lib/resources.jar
7f2d60013000-7f2d6002e000 r--s 0020b000 08:05 1329752                    /usr/local/jdk1.8.0_151/jre/lib/deploy.jar
7f2d6002e000-7f2d60031000 ---p 00000000 00:00 0 
7f2d60031000-7f2d6012f000 rw-p 00000000 00:00 0 
7f2d6012f000-7f2d60130000 ---p 00000000 00:00 0 
7f2d60130000-7f2d64000000 rw-p 00000000 00:00 0 
7f2d64000000-7f2d64021000 rw-p 00000000 00:00 0 
7f2d64021000-7f2d68000000 ---p 00000000 00:00 0 
7f2d68000000-7f2d68006000 r--s 00040000 08:06 882547                     /home/innkp/.m2/repository/org/apache/parquet/parquet-hadoop/1.10.0/parquet-hadoop-1.10.0.jar
7f2d68006000-7f2d68019000 r--s 000d6000 08:05 1329776                    /usr/local/jdk1.8.0_151/jre/lib/plugin.jar
7f2d68019000-7f2d68e27000 rw-p 00000000 00:00 0 
7f2d68e27000-7f2d69000000 r--s 03d5a000 08:05 1329834                    /usr/local/jdk1.8.0_151/jre/lib/rt.jar
7f2d69000000-7f2d69480000 rwxp 00000000 00:00 0 
7f2d69480000-7f2d78000000 ---p 00000000 00:00 0 
7f2d78000000-7f2d790bb000 rw-p 00000000 00:00 0 
7f2d790bb000-7f2d7c000000 ---p 00000000 00:00 0 
7f2d7c000000-7f2d7c00e000 r--s 000a3000 08:06 826330                     /home/innkp/.m2/repository/org/apache/parquet/parquet-format/2.4.0/parquet-format-2.4.0.jar
7f2d7c00e000-7f2d7c012000 r--s 00014000 08:06 881653                     /home/innkp/.m2/repository/org/apache/parquet/parquet-common/1.10.0/parquet-common-1.10.0.jar
7f2d7c012000-7f2d7c017000 r--s 0009a000 08:05 1329891                    /usr/local/jdk1.8.0_151/jre/lib/jsse.jar
7f2d7c017000-7f2d7cd6b000 rw-p 00000000 00:00 0 
7f2d7cd6b000-7f2d7cd6c000 ---p 00000000 00:00 0 
7f2d7cd6c000-7f2d7ce6c000 rw-p 00000000 00:00 0 
7f2d7ce6c000-7f2d7ce6d000 ---p 00000000 00:00 0 
7f2d7ce6d000-7f2d7cf6d000 rw-p 00000000 00:00 0 
7f2d7cf6d000-7f2d7cf6e000 ---p 00000000 00:00 0 
7f2d7cf6e000-7f2d7d06e000 rw-p 00000000 00:00 0 
7f2d7d06e000-7f2d7d06f000 ---p 00000000 00:00 0 
7f2d7d06f000-7f2d7d1b2000 rw-p 00000000 00:00 0 
7f2d7d1b2000-7f2d7d403000 ---p 00000000 00:00 0 
7f2d7d403000-7f2d7d446000 rw-p 00000000 00:00 0 
7f2d7d446000-7f2d7d696000 ---p 00000000 00:00 0 
7f2d7d696000-7f2d7d6bb000 rw-p 00000000 00:00 0 
7f2d7d6bb000-7f2d7d7e0000 ---p 00000000 00:00 0 
7f2d7d7e0000-7f2d7d7f3000 rw-p 00000000 00:00 0 
7f2d7d7f3000-7f2d7dba1000 ---p 00000000 00:00 0 
7f2d7dba1000-7f2d7dbbc000 r-xp 00000000 08:05 1330044                    /usr/local/jdk1.8.0_151/jre/lib/amd64/libzip.so
7f2d7dbbc000-7f2d7ddbc000 ---p 0001b000 08:05 1330044                    /usr/local/jdk1.8.0_151/jre/lib/amd64/libzip.so
7f2d7ddbc000-7f2d7ddbd000 rw-p 0001b000 08:05 1330044                    /usr/local/jdk1.8.0_151/jre/lib/amd64/libzip.so
7f2d7ddbd000-7f2d7ddc8000 r-xp 00000000 08:05 1589112                    /lib/x86_64-linux-gnu/libnss_files-2.24.so
7f2d7ddc8000-7f2d7dfc7000 ---p 0000b000 08:05 1589112                    /lib/x86_64-linux-gnu/libnss_files-2.24.so
7f2d7dfc7000-7f2d7dfc8000 r--p 0000a000 08:05 1589112                    /lib/x86_64-linux-gnu/libnss_files-2.24.so
7f2d7dfc8000-7f2d7dfc9000 rw-p 0000b000 08:05 1589112                    /lib/x86_64-linux-gnu/libnss_files-2.24.so
7f2d7dfc9000-7f2d7dfcf000 rw-p 00000000 00:00 0 
7f2d7dfcf000-7f2d7dfda000 r-xp 00000000 08:05 1589114                    /lib/x86_64-linux-gnu/libnss_nis-2.24.so
7f2d7dfda000-7f2d7e1d9000 ---p 0000b000 08:05 1589114                    /lib/x86_64-linux-gnu/libnss_nis-2.24.so
7f2d7e1d9000-7f2d7e1da000 r--p 0000a000 08:05 1589114                    /lib/x86_64-linux-gnu/libnss_nis-2.24.so
7f2d7e1da000-7f2d7e1db000 rw-p 0000b000 08:05 1589114                    /lib/x86_64-linux-gnu/libnss_nis-2.24.so
7f2d7e1db000-7f2d7e1f1000 r-xp 00000000 08:05 1589109                    /lib/x86_64-linux-gnu/libnsl-2.24.so
7f2d7e1f1000-7f2d7e3f0000 ---p 00016000 08:05 1589109                    /lib/x86_64-linux-gnu/libnsl-2.24.so
7f2d7e3f0000-7f2d7e3f1000 r--p 00015000 08:05 1589109                    /lib/x86_64-linux-gnu/libnsl-2.24.so
7f2d7e3f1000-7f2d7e3f2000 rw-p 00016000 08:05 1589109                    /lib/x86_64-linux-gnu/libnsl-2.24.so
7f2d7e3f2000-7f2d7e3f4000 rw-p 00000000 00:00 0 
7f2d7e3f4000-7f2d7e3fc000 r-xp 00000000 08:05 1589110                    /lib/x86_64-linux-gnu/libnss_compat-2.24.so
7f2d7e3fc000-7f2d7e5fb000 ---p 00008000 08:05 1589110                    /lib/x86_64-linux-gnu/libnss_compat-2.24.so
7f2d7e5fb000-7f2d7e5fc000 r--p 00007000 08:05 1589110                    /lib/x86_64-linux-gnu/libnss_compat-2.24.so
7f2d7e5fc000-7f2d7e5fd000 rw-p 00008000 08:05 1589110                    /lib/x86_64-linux-gnu/libnss_compat-2.24.so
7f2d7e5fd000-7f2d7e607000 r-xp 00000000 08:05 1330053                    /usr/local/jdk1.8.0_151/jre/lib/amd64/libinstrument.so
7f2d7e607000-7f2d7e806000 ---p 0000a000 08:05 1330053                    /usr/local/jdk1.8.0_151/jre/lib/amd64/libinstrument.so
7f2d7e806000-7f2d7e807000 rw-p 00009000 08:05 1330053                    /usr/local/jdk1.8.0_151/jre/lib/amd64/libinstrument.so
7f2d7e807000-7f2d7ec98000 r--p 00000000 08:05 1315171                    /usr/lib/locale/locale-archive
7f2d7ec98000-7f2d7ec9a000 r-xp 00000000 08:05 1330014                    /usr/local/jdk1.8.0_151/jre/lib/amd64/libnpt.so
7f2d7ec9a000-7f2d7ee9a000 ---p 00002000 08:05 1330014                    /usr/local/jdk1.8.0_151/jre/lib/amd64/libnpt.so
7f2d7ee9a000-7f2d7ee9b000 rw-p 00002000 08:05 1330014                    /usr/local/jdk1.8.0_151/jre/lib/amd64/libnpt.so
7f2d7ee9b000-7f2d7eed4000 r-xp 00000000 08:05 1330032                    /usr/local/jdk1.8.0_151/jre/lib/amd64/libjdwp.so
7f2d7eed4000-7f2d7f0d4000 ---p 00039000 08:05 1330032                    /usr/local/jdk1.8.0_151/jre/lib/amd64/libjdwp.so
7f2d7f0d4000-7f2d7f0d5000 rw-p 00039000 08:05 1330032                    /usr/local/jdk1.8.0_151/jre/lib/amd64/libjdwp.so
7f2d7f0d5000-7f2d7f0d6000 rw-p 00000000 00:00 0 
7f2d7f0d6000-7f2d7f101000 r-xp 00000000 08:05 1330038                    /usr/local/jdk1.8.0_151/jre/lib/amd64/libjava.so
7f2d7f101000-7f2d7f300000 ---p 0002b000 08:05 1330038                    /usr/local/jdk1.8.0_151/jre/lib/amd64/libjava.so
7f2d7f300000-7f2d7f302000 rw-p 0002a000 08:05 1330038                    /usr/local/jdk1.8.0_151/jre/lib/amd64/libjava.so
7f2d7f302000-7f2d7f30f000 r-xp 00000000 08:05 1330043                    /usr/local/jdk1.8.0_151/jre/lib/amd64/libverify.so
7f2d7f30f000-7f2d7f50f000 ---p 0000d000 08:05 1330043                    /usr/local/jdk1.8.0_151/jre/lib/amd64/libverify.so
7f2d7f50f000-7f2d7f511000 rw-p 0000d000 08:05 1330043                    /usr/local/jdk1.8.0_151/jre/lib/amd64/libverify.so
7f2d7f511000-7f2d7f518000 r-xp 00000000 08:05 1589119                    /lib/x86_64-linux-gnu/librt-2.24.so
7f2d7f518000-7f2d7f717000 ---p 00007000 08:05 1589119                    /lib/x86_64-linux-gnu/librt-2.24.so
7f2d7f717000-7f2d7f718000 r--p 00006000 08:05 1589119                    /lib/x86_64-linux-gnu/librt-2.24.so
7f2d7f718000-7f2d7f719000 rw-p 00007000 08:05 1589119                    /lib/x86_64-linux-gnu/librt-2.24.so
7f2d7f719000-7f2d7f821000 r-xp 00000000 08:05 1589106                    /lib/x86_64-linux-gnu/libm-2.24.so
7f2d7f821000-7f2d7fa20000 ---p 00108000 08:05 1589106                    /lib/x86_64-linux-gnu/libm-2.24.so
7f2d7fa20000-7f2d7fa21000 r--p 00107000 08:05 1589106                    /lib/x86_64-linux-gnu/libm-2.24.so
7f2d7fa21000-7f2d7fa22000 rw-p 00108000 08:05 1589106                    /lib/x86_64-linux-gnu/libm-2.24.so
7f2d7fa22000-7f2d806f5000 r-xp 00000000 08:05 1330021                    /usr/local/jdk1.8.0_151/jre/lib/amd64/server/libjvm.so
7f2d806f5000-7f2d808f4000 ---p 00cd3000 08:05 1330021                    /usr/local/jdk1.8.0_151/jre/lib/amd64/server/libjvm.so
7f2d808f4000-7f2d809ce000 rw-p 00cd2000 08:05 1330021                    /usr/local/jdk1.8.0_151/jre/lib/amd64/server/libjvm.so
7f2d809ce000-7f2d80a19000 rw-p 00000000 00:00 0 
7f2d80a19000-7f2d80bd7000 r-xp 00000000 08:05 1589102                    /lib/x86_64-linux-gnu/libc-2.24.so
7f2d80bd7000-7f2d80dd6000 ---p 001be000 08:05 1589102                    /lib/x86_64-linux-gnu/libc-2.24.so
7f2d80dd6000-7f2d80dda000 r--p 001bd000 08:05 1589102                    /lib/x86_64-linux-gnu/libc-2.24.so
7f2d80dda000-7f2d80ddc000 rw-p 001c1000 08:05 1589102                    /lib/x86_64-linux-gnu/libc-2.24.so
7f2d80ddc000-7f2d80de0000 rw-p 00000000 00:00 0 
7f2d80de0000-7f2d80de3000 r-xp 00000000 08:05 1589105                    /lib/x86_64-linux-gnu/libdl-2.24.so
7f2d80de3000-7f2d80fe2000 ---p 00003000 08:05 1589105                    /lib/x86_64-linux-gnu/libdl-2.24.so
7f2d80fe2000-7f2d80fe3000 r--p 00002000 08:05 1589105                    /lib/x86_64-linux-gnu/libdl-2.24.so
7f2d80fe3000-7f2d80fe4000 rw-p 00003000 08:05 1589105                    /lib/x86_64-linux-gnu/libdl-2.24.so
7f2d80fe4000-7f2d80ffa000 r-xp 00000000 08:05 1329649                    /usr/local/jdk1.8.0_151/lib/amd64/jli/libjli.so
7f2d80ffa000-7f2d811f9000 ---p 00016000 08:05 1329649                    /usr/local/jdk1.8.0_151/lib/amd64/jli/libjli.so
7f2d811f9000-7f2d811fa000 rw-p 00015000 08:05 1329649                    /usr/local/jdk1.8.0_151/lib/amd64/jli/libjli.so
7f2d811fa000-7f2d81212000 r-xp 00000000 08:05 1589117                    /lib/x86_64-linux-gnu/libpthread-2.24.so
7f2d81212000-7f2d81412000 ---p 00018000 08:05 1589117                    /lib/x86_64-linux-gnu/libpthread-2.24.so
7f2d81412000-7f2d81413000 r--p 00018000 08:05 1589117                    /lib/x86_64-linux-gnu/libpthread-2.24.so
7f2d81413000-7f2d81414000 rw-p 00019000 08:05 1589117                    /lib/x86_64-linux-gnu/libpthread-2.24.so
7f2d81414000-7f2d81418000 rw-p 00000000 00:00 0 
7f2d81418000-7f2d8143e000 r-xp 00000000 08:05 1589098                    /lib/x86_64-linux-gnu/ld-2.24.so
7f2d8143e000-7f2d81440000 r--s 00100000 08:06 833381                     /home/innkp/.m2/repository/org/xerial/snappy/snappy-java/1.1.2.6/snappy-java-1.1.2.6.jar
7f2d81440000-7f2d81441000 r--s 00000000 08:05 1329758                    /usr/local/jdk1.8.0_151/jre/lib/management-agent.jar
7f2d81441000-7f2d81443000 r--s 00007000 08:05 1330066                    /usr/local/jdk1.8.0_151/jre/lib/jfxswt.jar
7f2d81443000-7f2d8144d000 r--s 0006c000 08:05 1329761                    /usr/local/jdk1.8.0_151/jre/lib/javaws.jar
7f2d8144d000-7f2d8151e000 rw-p 00000000 00:00 0 
7f2d8151e000-7f2d81521000 ---p 00000000 00:00 0 
7f2d81521000-7f2d81621000 rw-p 00000000 00:00 0 
7f2d81621000-7f2d81626000 r--s 00084000 08:05 1329751                    /usr/local/jdk1.8.0_151/jre/lib/jfr.jar
7f2d81626000-7f2d81629000 r--s 0001a000 08:05 1330064                    /usr/local/jdk1.8.0_151/jre/lib/jce.jar
7f2d81629000-7f2d8162e000 r--s 002f9000 08:05 1329832                    /usr/local/jdk1.8.0_151/jre/lib/charsets.jar
7f2d8162e000-7f2d81630000 r--s 00001000 08:05 1341855                    /usr/local/idea-IC-173.4548.28/lib/rt/debugger-agent-storage.jar
7f2d81630000-7f2d81638000 rw-s 00000000 08:05 800083                     /tmp/hsperfdata_innkp/11020
7f2d81638000-7f2d81639000 rw-p 00000000 00:00 0 
7f2d81639000-7f2d8163a000 r--p 00000000 00:00 0 
7f2d8163a000-7f2d8163d000 rw-p 00000000 00:00 0 
7f2d8163d000-7f2d8163e000 r--p 00025000 08:05 1589098                    /lib/x86_64-linux-gnu/ld-2.24.so
7f2d8163e000-7f2d8163f000 rw-p 00026000 08:05 1589098                    /lib/x86_64-linux-gnu/ld-2.24.so
7f2d8163f000-7f2d81640000 rw-p 00000000 00:00 0 
7fff4e14c000-7fff4e170000 rw-p 00000000 00:00 0                          [stack]
7fff4e1a5000-7fff4e1a7000 r--p 00000000 00:00 0                          [vvar]
7fff4e1a7000-7fff4e1a9000 r-xp 00000000 00:00 0                          [vdso]
ffffffffff600000-ffffffffff601000 r-xp 00000000 00:00 0                  [vsyscall]

VM Arguments:
jvm_args: -agentlib:jdwp=transport=dt_socket,address=127.0.0.1:38091,suspend=y,server=n -javaagent:/usr/local/idea-IC-173.4548.28/lib/rt/debugger-agent.jar=/tmp/capture.props -Dfile.encoding=UTF-8 
java_command: alluxio.client.file.cache.test.CacheClientServerTest
java_class_path (initial): /usr/local/jdk1.8.0_151/jre/lib/charsets.jar:/usr/local/jdk1.8.0_151/jre/lib/deploy.jar:/usr/local/jdk1.8.0_151/jre/lib/ext/cldrdata.jar:/usr/local/jdk1.8.0_151/jre/lib/ext/dnsns.jar:/usr/local/jdk1.8.0_151/jre/lib/ext/jaccess.jar:/usr/local/jdk1.8.0_151/jre/lib/ext/jfxrt.jar:/usr/local/jdk1.8.0_151/jre/lib/ext/localedata.jar:/usr/local/jdk1.8.0_151/jre/lib/ext/nashorn.jar:/usr/local/jdk1.8.0_151/jre/lib/ext/sunec.jar:/usr/local/jdk1.8.0_151/jre/lib/ext/sunjce_provider.jar:/usr/local/jdk1.8.0_151/jre/lib/ext/sunpkcs11.jar:/usr/local/jdk1.8.0_151/jre/lib/ext/zipfs.jar:/usr/local/jdk1.8.0_151/jre/lib/javaws.jar:/usr/local/jdk1.8.0_151/jre/lib/jce.jar:/usr/local/jdk1.8.0_151/jre/lib/jfr.jar:/usr/local/jdk1.8.0_151/jre/lib/jfxswt.jar:/usr/local/jdk1.8.0_151/jre/lib/jsse.jar:/usr/local/jdk1.8.0_151/jre/lib/management-agent.jar:/usr/local/jdk1.8.0_151/jre/lib/plugin.jar:/usr/local/jdk1.8.0_151/jre/lib/resources.jar:/usr/local/jdk1.8.0_151/jre/lib/rt.jar:/media/innkp//workspace/Alluxio/tachyon/core/client/formatfs/target/classes:/home/innkp/.m2/repository/org/apache/parquet/parquet-common/1.10.0/parquet-common-1.10.0.jar:/home/innkp/.m2/repository/org/apache/parquet/parquet-format/2.4.0/parquet-format-2.4.0.jar:/home/innkp/.m2/repository/org/apache/parquet/parquet-hadoop/1.10.0/parquet-hadoop-1.10.0.jar:/home/innkp/.m2/repository/org/apache/parquet/parquet-jackson/1.10.0/parquet-jackson-1.10.0.jar:/home/innkp/.m2/repository/org/codehaus/jackson/jackson-mapper-asl/1.9.13/jackson-mapper-asl-1.9.13.jar:/home/innkp/.m2/repository/org/codehaus/jackson/jackson-core-asl/1.9.13/jackson-core-asl-1.9.13.jar:/home/innkp/.m2/repository/org/xerial/snappy/snappy-java/1.1.2.6/snappy-java-1.1.2.6.jar:/home/innkp/.m2/repository/commons-pool/commons-pool/1.6/commons-pool-1.6.jar:/home/innkp/.m2/repository/org/apache/parquet/parquet-column/1.10.0/parquet-column-1.10.0.jar:/home/innkp/.m2/repository/org/apache/parquet/parquet-encoding/1.10.0/parquet-encod
Launcher Type: SUN_STANDARD

Environment Variables:
JAVA_HOME=/usr/local/jdk1.8.0_151
JRE_HOME=/usr/local/jdk1.8.0_151/jre
CLASSPATH=/usr/local/idea-IC-173.4548.28/lib/bootstrap.jar:/usr/local/idea-IC-173.4548.28/lib/extensions.jar:/usr/local/idea-IC-173.4548.28/lib/util.jar:/usr/local/idea-IC-173.4548.28/lib/jdom.jar:/usr/local/idea-IC-173.4548.28/lib/log4j.jar:/usr/local/idea-IC-173.4548.28/lib/trove4j.jar:/usr/local/idea-IC-173.4548.28/lib/jna.jar:/usr/local/jdk1.8.0_151/lib/tools.jar
PATH={JAVA_HOME}/bin:/usr/local/scala-2.12.4/bin:/usr/local/sbin:/usr/local/bin:/usr/sbin:/usr/bin:/sbin:/bin:/usr/games:/usr/local/games
LD_LIBRARY_PATH=/usr/local/jdk1.8.0_151/jre/lib/amd64/server
SHELL=/bin/bash
DISPLAY=:0

Signal Handlers:
SIGSEGV: [libjvm.so+0xacbe10], sa_mask[0]=11111111011111111101111111111110, sa_flags=SA_RESTART|SA_SIGINFO
SIGBUS: [libjvm.so+0xacbe10], sa_mask[0]=11111111011111111101111111111110, sa_flags=SA_RESTART|SA_SIGINFO
SIGFPE: [libjvm.so+0x924f90], sa_mask[0]=11111111011111111101111111111110, sa_flags=SA_RESTART|SA_SIGINFO
SIGPIPE: [libjvm.so+0x924f90], sa_mask[0]=11111111011111111101111111111110, sa_flags=SA_RESTART|SA_SIGINFO
SIGXFSZ: [libjvm.so+0x924f90], sa_mask[0]=11111111011111111101111111111110, sa_flags=SA_RESTART|SA_SIGINFO
SIGILL: [libjvm.so+0x924f90], sa_mask[0]=11111111011111111101111111111110, sa_flags=SA_RESTART|SA_SIGINFO
SIGUSR1: SIG_DFL, sa_mask[0]=00000000000000000000000000000000, sa_flags=none
SIGUSR2: [libjvm.so+0x9267d0], sa_mask[0]=00100000000000000000000000000000, sa_flags=SA_RESTART|SA_SIGINFO
SIGHUP: [libjvm.so+0x927bd0], sa_mask[0]=11111111011111111101111111111110, sa_flags=SA_RESTART|SA_SIGINFO
SIGINT: [libjvm.so+0x927bd0], sa_mask[0]=11111111011111111101111111111110, sa_flags=SA_RESTART|SA_SIGINFO
SIGTERM: [libjvm.so+0x927bd0], sa_mask[0]=11111111011111111101111111111110, sa_flags=SA_RESTART|SA_SIGINFO
SIGQUIT: [libjvm.so+0x927bd0], sa_mask[0]=11111111011111111101111111111110, sa_flags=SA_RESTART|SA_SIGINFO


---------------  S Y S T E M  ---------------

OS:DISTRIB_ID=Ubuntu
DISTRIB_RELEASE=17.04
DISTRIB_CODENAME=zesty
DISTRIB_DESCRIPTION="Ubuntu 17.04"

uname:Linux 4.10.0-42-generic #46-Ubuntu SMP Mon Dec 4 14:38:01 UTC 2017 x86_64
libc:glibc 2.24 NPTL 2.24 
rlimit: STACK 8192k, CORE 0k, NPROC 31461, NOFILE 4096, AS infinity
load average:1.97 1.73 1.82

/proc/meminfo:
MemTotal:        8099724 kB
MemFree:          426528 kB
MemAvailable:    1221848 kB
Buffers:           43768 kB
Cached:          2319364 kB
SwapCached:           52 kB
Active:          4922272 kB
Inactive:        1273424 kB
Active(anon):    4420172 kB
Inactive(anon):   878396 kB
Active(file):     502100 kB
Inactive(file):   395028 kB
Unevictable:     1076776 kB
Mlocked:              32 kB
SwapTotal:       4594684 kB
SwapFree:        4587820 kB
Dirty:             20164 kB
Writeback:             0 kB
AnonPages:       4808120 kB
Mapped:           460488 kB
Shmem:            389260 kB
Slab:             255960 kB
SReclaimable:     206172 kB
SUnreclaim:        49788 kB
KernelStack:       15984 kB
PageTables:        52556 kB
NFS_Unstable:          0 kB
Bounce:                0 kB
WritebackTmp:          0 kB
CommitLimit:     8644544 kB
Committed_AS:   12677584 kB
VmallocTotal:   34359738367 kB
VmallocUsed:           0 kB
VmallocChunk:          0 kB
HardwareCorrupted:     0 kB
AnonHugePages:   1607680 kB
ShmemHugePages:        0 kB
ShmemPmdMapped:        0 kB
CmaTotal:              0 kB
CmaFree:               0 kB
HugePages_Total:       0
HugePages_Free:        0
HugePages_Rsvd:        0
HugePages_Surp:        0
Hugepagesize:       2048 kB
DirectMap4k:      125696 kB
DirectMap2M:     6092800 kB
DirectMap1G:     3145728 kB


CPU:total 4 (initial active 4) (2 cores per cpu, 2 threads per core) family 6 model 69 stepping 1, cmov, cx8, fxsr, mmx, sse, sse2, sse3, ssse3, sse4.1, sse4.2, popcnt, avx, avx2, aes, clmul, erms, lzcnt, ht, tsc, tscinvbit, bmi1, bmi2

/proc/cpuinfo:
processor	: 0
vendor_id	: GenuineIntel
cpu family	: 6
model		: 69
model name	: Intel(R) Core(TM) i7-4510U CPU @ 2.00GHz
stepping	: 1
microcode	: 0x17
cpu MHz		: 2799.951
cache size	: 4096 KB
physical id	: 0
siblings	: 4
core id		: 0
cpu cores	: 2
apicid		: 0
initial apicid	: 0
fpu		: yes
fpu_exception	: yes
cpuid level	: 13
wp		: yes
flags		: fpu vme de pse tsc msr pae mce cx8 apic sep mtrr pge mca cmov pat pse36 clflush dts acpi mmx fxsr sse sse2 ss ht tm pbe syscall nx pdpe1gb rdtscp lm constant_tsc arch_perfmon pebs bts rep_good nopl xtopology nonstop_tsc aperfmperf pni pclmulqdq dtes64 monitor ds_cpl vmx est tm2 ssse3 sdbg fma cx16 xtpr pdcm pcid sse4_1 sse4_2 movbe popcnt tsc_deadline_timer aes xsave avx f16c rdrand lahf_lm abm epb tpr_shadow vnmi flexpriority ept vpid fsgsbase tsc_adjust bmi1 avx2 smep bmi2 erms invpcid xsaveopt dtherm ida arat pln pts
bugs		:
bogomips	: 5188.26
clflush size	: 64
cache_alignment	: 64
address sizes	: 39 bits physical, 48 bits virtual
power management:

processor	: 1
vendor_id	: GenuineIntel
cpu family	: 6
model		: 69
model name	: Intel(R) Core(TM) i7-4510U CPU @ 2.00GHz
stepping	: 1
microcode	: 0x17
cpu MHz		: 2799.951
cache size	: 4096 KB
physical id	: 0
siblings	: 4
core id		: 0
cpu cores	: 2
apicid		: 1
initial apicid	: 1
fpu		: yes
fpu_exception	: yes
cpuid level	: 13
wp		: yes
flags		: fpu vme de pse tsc msr pae mce cx8 apic sep mtrr pge mca cmov pat pse36 clflush dts acpi mmx fxsr sse sse2 ss ht tm pbe syscall nx pdpe1gb rdtscp lm constant_tsc arch_perfmon pebs bts rep_good nopl xtopology nonstop_tsc aperfmperf pni pclmulqdq dtes64 monitor ds_cpl vmx est tm2 ssse3 sdbg fma cx16 xtpr pdcm pcid sse4_1 sse4_2 movbe popcnt tsc_deadline_timer aes xsave avx f16c rdrand lahf_lm abm epb tpr_shadow vnmi flexpriority ept vpid fsgsbase tsc_adjust bmi1 avx2 smep bmi2 erms invpcid xsaveopt dtherm ida arat pln pts
bugs		:
bogomips	: 5188.26
clflush size	: 64
cache_alignment	: 64
address sizes	: 39 bits physical, 48 bits virtual
power management:

processor	: 2
vendor_id	: GenuineIntel
cpu family	: 6
model		: 69
model name	: Intel(R) Core(TM) i7-4510U CPU @ 2.00GHz
stepping	: 1
microcode	: 0x17
cpu MHz		: 2799.951
cache size	: 4096 KB
physical id	: 0
siblings	: 4
core id		: 1
cpu cores	: 2
apicid		: 2
initial apicid	: 2
fpu		: yes
fpu_exception	: yes
cpuid level	: 13
wp		: yes
flags		: fpu vme de pse tsc msr pae mce cx8 apic sep mtrr pge mca cmov pat pse36 clflush dts acpi mmx fxsr sse sse2 ss ht tm pbe syscall nx pdpe1gb rdtscp lm constant_tsc arch_perfmon pebs bts rep_good nopl xtopology nonstop_tsc aperfmperf pni pclmulqdq dtes64 monitor ds_cpl vmx est tm2 ssse3 sdbg fma cx16 xtpr pdcm pcid sse4_1 sse4_2 movbe popcnt tsc_deadline_timer aes xsave avx f16c rdrand lahf_lm abm epb tpr_shadow vnmi flexpriority ept vpid fsgsbase tsc_adjust bmi1 avx2 smep bmi2 erms invpcid xsaveopt dtherm ida arat pln pts
bugs		:
bogomips	: 5188.26
clflush size	: 64
cache_alignment	: 64
address sizes	: 39 bits physical, 48 bits virtual
power management:

processor	: 3
vendor_id	: GenuineIntel
cpu family	: 6
model		: 69
model name	: Intel(R) Core(TM) i7-4510U CPU @ 2.00GHz
stepping	: 1
microcode	: 0x17
cpu MHz		: 2799.951
cache size	: 4096 KB
physical id	: 0
siblings	: 4
core id		: 1
cpu cores	: 2
apicid		: 3
initial apicid	: 3
fpu		: yes
fpu_exception	: yes
cpuid level	: 13
wp		: yes
flags		: fpu vme de pse tsc msr pae mce cx8 apic sep mtrr pge mca cmov pat pse36 clflush dts acpi mmx fxsr sse sse2 ss ht tm pbe syscall nx pdpe1gb rdtscp lm constant_tsc arch_perfmon pebs bts rep_good nopl xtopology nonstop_tsc aperfmperf pni pclmulqdq dtes64 monitor ds_cpl vmx est tm2 ssse3 sdbg fma cx16 xtpr pdcm pcid sse4_1 sse4_2 movbe popcnt tsc_deadline_timer aes xsave avx f16c rdrand lahf_lm abm epb tpr_shadow vnmi flexpriority ept vpid fsgsbase tsc_adjust bmi1 avx2 smep bmi2 erms invpcid xsaveopt dtherm ida arat pln pts
bugs		:
bogomips	: 5188.26
clflush size	: 64
cache_alignment	: 64
address sizes	: 39 bits physical, 48 bits virtual
power management:



Memory: 4k page, physical 8099724k(426528k free), swap 4594684k(4587820k free)

vm_info: Java HotSpot(TM) 64-Bit Server VM (25.151-b12) for linux-amd64 JRE (1.8.0_151-b12), built on Sep  5 2017 19:20:58 by "java_re" with gcc 4.3.0 20080428 (Red Hat 4.3.0-8)

time: Sun Dec  2 16:36:23 2018
elapsed time: 4 seconds (0d 0h 0m 4s)

